1691856203.8844588,0.0,0.0,0.0,0.3920404016971588
1691856204.0712533,0.0,0.0,0.0,0.41382041573524475
1691856204.1585305,0.0,0.0,0.0,0.3920404016971588
1691856204.2397056,0.0,0.0,0.0,0.3920404016971588
1691856204.338489,0.0,0.0,0.0,0.3920404016971588
1691856204.63091,0.0,0.0,0.0,0.3702603578567505
1691856204.852434,0.0,0.0,0.0,0.3920404016971588
1691856205.0303705,0.0,0.0,0.0,0.3920404016971588
1691856205.206837,0.0,0.0,0.0,0.3920404016971588
1691856205.3755934,0.0,0.0,0.0,0.41382041573524475
1691856205.53924,0.0,0.0,0.0,0.3920404016971588
1691856205.7044275,0.0,0.0,0.0,0.41382041573524475
1691856205.8651388,0.0,0.0,0.0,0.3920404016971588
1691856206.0547018,0.0,0.0,0.0,0.3920404016971588
1691856206.2161136,0.0,0.0,0.0,0.3920404016971588
1691856206.381825,0.0,0.0,0.0,0.4573804438114166
1691856206.5565522,0.0,0.0,0.04356004297733307,0.3920404016971588
1691856206.724736,0.0,0.0,0.0,0.3920404016971588
1691856206.8939724,0.0,0.0,0.0,0.3920404016971588
1691856207.0566475,0.0,0.0,0.0,0.3920404016971588
1691856207.252335,0.0,0.0,0.021780021488666534,0.41382041573524475
1691856207.4219441,0.0,0.0,0.0,0.3920404016971588
1691856207.5879285,0.0,0.0,0.0,0.3702603578567505
1691856207.7602692,0.0,0.0,0.0,0.41382041573524475
1691856207.92388,0.0,0.0,0.0,0.3920404016971588
1691856208.0884233,0.0,0.0,0.0,0.3920404016971588
1691856208.2527082,0.0,0.0,0.0,0.41382041573524475
1691856208.4126375,0.0,0.0,0.0,0.41382041573524475
1691856208.6239696,0.0,0.0,0.0,0.3702603578567505
1691856208.791173,0.08712008595466614,0.0,0.0,0.3920404016971588
1691856208.9627736,0.0,0.0,0.0,0.41382041573524475
1691856209.1292236,0.0,0.0,0.021780021488666534,0.3702603578567505
1691856209.3184595,0.0,0.0,0.021780021488666534,0.3920404016971588
1691856209.4983847,0.04356004297733307,0.0,0.0,0.3920404016971588
1691856209.697718,0.0,0.0,0.021780021488666534,0.3920404016971588
1691856209.9128954,0.0,0.0,0.0,0.41382041573524475
1691856210.1049159,0.0,0.0,0.0,0.4573804438114166
1691856210.2784076,0.0,0.0,0.0,0.3920404016971588
1691856210.4593542,0.0,0.0,0.0,0.41382041573524475
1691856210.6550915,0.0,0.0,0.04356004297733307,0.3920404016971588
1691856210.8470194,0.0,0.04356004297733307,0.0,0.3702603578567505
1691856211.0284402,0.0,0.0,0.0,0.3920404016971588
1691856211.2045105,0.0,0.0,0.0,0.3920404016971588
1691856211.4116256,0.0,0.0,0.0,0.41382041573524475
1691856211.573308,0.0,0.0,0.0,0.3920404016971588
1691856211.7473335,0.0,0.0,0.0,0.3920404016971588
1691856211.9166484,0.0,0.0,0.0,0.4573804438114166
1691856212.085829,0.0,0.0,0.0,0.3920404016971588
1691856212.2544322,0.0,0.0,0.0,0.3920404016971588
1691856212.4309268,0.0,0.0,0.0,0.3702603578567505
1691856212.640796,0.0,0.0,0.0,0.3920404016971588
1691856212.8332646,0.0,0.0,0.0,0.3920404016971588
1691856213.03096,0.0,0.0,0.0,0.41382041573524475
1691856213.2160351,0.0,0.0,0.0,0.41382041573524475
1691856213.3951337,0.0,0.0,0.0,0.3920404016971588
1691856213.5805821,0.0,0.0,0.021780021488666534,0.3702603578567505
1691856213.7640538,0.0,0.0,0.0,0.3920404016971588
1691856213.9461489,0.0,0.04356004297733307,0.021780021488666534,0.4356004297733307
1691856214.1478233,0.0,0.0,0.0,0.3920404016971588
1691856214.3187919,0.0,0.0,0.0,0.4573804438114166
1691856214.5086222,0.0,0.0,0.0,0.3920404016971588
1691856214.677309,0.0,0.0,0.0,0.3920404016971588
1691856214.856145,0.0,0.0,0.0,0.3920404016971588
1691856215.052276,0.0,0.0,0.0,0.3920404016971588
1691856215.2235365,0.0,0.0,0.0,0.3920404016971588
1691856215.4044418,0.0,0.0653400644659996,0.0,0.3920404016971588
1691856215.6168292,0.0,0.0,0.0,0.3702603578567505
1691856215.7929516,0.0,0.0,0.0,0.41382041573524475
1691856215.9772127,0.0,0.0,0.04356004297733307,0.3920404016971588
1691856216.157313,0.0,0.0,0.0,0.3920404016971588
1691856216.3377159,0.0,0.0,0.0,0.3920404016971588
1691856216.5187063,0.0,0.0,0.0,0.41382041573524475
1691856216.7150743,0.0,0.0,0.0,0.3702603578567505
1691856216.9427361,0.0,0.0,0.0,0.3920404016971588
1691856217.1339598,0.0,0.0,0.0,0.41382041573524475
1691856217.3175178,0.0,0.0,0.0,0.34848034381866455
1691856217.494078,0.0653400644659996,0.0,0.0,0.3920404016971588
1691856217.6886425,0.0,0.0,0.0,0.3920404016971588
1691856217.8911924,0.0,0.0,0.0,0.3920404016971588
1691856218.0804558,0.0,0.0,0.021780021488666534,0.3920404016971588
1691856218.3014007,0.0,0.0,0.0,0.3920404016971588
1691856218.504817,0.0,0.0,0.0,0.28314027190208435
1691856218.7177427,0.0,0.0,0.0,0.3920404016971588
1691856218.9120007,0.0,0.0,0.0,0.41382041573524475
1691856219.0868533,0.0,0.0,0.021780021488666534,0.3920404016971588
1691856219.2662864,0.0,0.021780021488666534,0.0,0.3920404016971588
1691856219.4258304,0.0,0.0,0.0,0.41382041573524475
1691856219.6083195,0.0,0.0,0.0,0.3920404016971588
1691856219.803494,0.0,0.021780021488666534,0.0,0.3920404016971588
1691856219.9854238,0.0,0.0,0.0,0.41382041573524475
1691856220.1553419,0.0,0.0,0.0,0.3920404016971588
1691856220.3167496,0.0,0.0,0.0,0.3920404016971588
1691856220.4871962,0.0,0.0,0.0,0.41382041573524475
1691856220.6538942,0.0,0.0,0.021780021488666534,0.41382041573524475
1691856220.8228514,0.0,0.0,0.0,0.3702603578567505
1691856221.0032265,0.0,0.0,0.0,0.34848034381866455
1691856221.2144794,0.0,0.0,0.0,0.47916048765182495
1691856221.391679,0.0,0.0,0.0,0.3920404016971588
1691856221.5550244,0.0,0.0,0.0,0.34848034381866455
1691856221.7278204,0.0,0.0,0.0,0.41382041573524475
1691856221.908044,0.021780021488666534,0.0,0.0,0.3702603578567505
1691856222.0966823,0.0,0.0,0.0,0.3920404016971588
1691856222.2769287,0.0,0.0,0.0,0.3920404016971588
1691856222.4830446,0.0,0.0,0.0,0.3920404016971588
1691856222.644997,0.0,0.0,0.0,0.3920404016971588
1691856222.8066192,0.0,0.0,0.0,0.41382041573524475
1691856222.9698493,0.0,0.0,0.0,0.3920404016971588
1691856223.1296515,0.0,0.0,0.0,0.3920404016971588
1691856223.3001282,0.04356004297733307,0.0,0.0,0.3920404016971588
1691856223.4788625,0.0,0.0,0.0,0.3702603578567505
1691856223.65409,0.0,0.0,0.04356004297733307,0.41382041573524475
1691856223.8580127,0.0,0.0,0.0,0.3920404016971588
1691856224.0314233,0.0,0.0,0.0,0.3920404016971588
1691856224.2043915,0.0,0.0,0.0,0.41382041573524475
1691856224.3706324,0.0,0.0,0.0,0.3920404016971588
1691856224.5513346,0.0,0.0,0.0,0.3702603578567505
1691856224.7171078,0.0,0.0,0.0,0.3920404016971588
1691856224.8880975,0.0,0.0,0.0,0.41382041573524475
1691856225.1042848,0.0,0.0,0.021780021488666534,0.3920404016971588
1691856225.28272,0.0,0.0,0.0,0.41382041573524475
1691856225.4684267,0.0,0.0,0.0,0.3920404016971588
1691856225.6489758,0.0,0.0,0.0,0.28314027190208435
1691856225.8152635,0.0,0.0,0.0,0.41382041573524475
1691856225.9986222,0.0,0.0,0.0,0.28314027190208435
1691856226.179383,0.0,0.0,0.021780021488666534,0.41382041573524475
1691856226.3603418,0.0,0.0,0.0,0.3920404016971588
1691856226.5781918,0.0,0.0,0.0,0.3920404016971588
1691856226.760678,0.0,0.0,0.0,0.4573804438114166
1691856226.9431818,0.0,0.0,0.0,0.3920404016971588
1691856227.1388805,0.0,0.0,0.0,0.3920404016971588
1691856227.315678,0.0,0.0,0.0,0.3920404016971588
1691856227.4906247,0.0,0.0,0.0,0.41382041573524475
1691856227.6652913,0.0,0.0,0.0,0.3920404016971588
1691856227.8721602,0.0,0.0,0.0,0.41382041573524475
1691856228.060457,0.0,0.0,0.0,0.3920404016971588
1691856228.2433918,0.0,0.0,0.0,0.3920404016971588
1691856228.4282665,0.0,0.0,0.0,0.41382041573524475
1691856228.6146348,0.0,0.0,0.0,0.41382041573524475
1691856228.7990046,0.0,0.0,0.0,0.3920404016971588
1691856228.9847243,0.0,0.0,0.0,0.3920404016971588
1691856229.1671314,0.0,0.0,0.021780021488666534,0.3920404016971588
1691856229.3779962,0.0,0.0,0.0,0.3920404016971588
1691856229.570125,0.0,0.0,0.0,0.3920404016971588
1691856229.7452471,0.0,0.0,0.0,0.3920404016971588
1691856229.9241428,0.0,0.0,0.0,0.34848034381866455
1691856230.1113522,0.0,0.0,0.0,0.3920404016971588
1691856230.2907324,0.0,0.0,0.0,0.3920404016971588
1691856230.4722617,0.0,0.0,0.0,0.3920404016971588
1691856230.6952684,0.0,0.0,0.08712008595466614,0.3920404016971588
1691856230.8887336,0.0,0.0,0.0,0.3920404016971588
1691856231.0740075,0.0,0.0,0.0,0.3920404016971588
1691856231.2599368,0.0,0.021780021488666534,0.0,0.41382041573524475
1691856231.4496517,0.0,0.0,0.0,0.3920404016971588
1691856231.6224134,0.0,0.0,0.04356004297733307,0.3920404016971588
1691856231.8003213,0.0,0.0,0.0,0.3920404016971588
1691856231.9903467,0.0,0.0,0.0,0.3920404016971588
1691856232.2068675,0.021780021488666534,0.0,0.0653400644659996,0.3920404016971588
1691856232.3897188,0.0,0.0,0.0,0.3920404016971588
1691856232.5792937,0.0,0.0,0.0,0.3920404016971588
1691856232.764363,0.0,0.0,0.0,0.3267003297805786
1691856232.965053,0.0,0.0,0.0,0.3920404016971588
1691856233.1612182,0.0,0.0,0.0,0.41382041573524475
1691856233.3437757,0.0,0.0,0.0,0.3920404016971588
1691856233.5633311,0.0,0.021780021488666534,0.0,0.3920404016971588
1691856233.7309601,0.0,0.0,0.0,0.3920404016971588
1691856233.9025452,0.0,0.0,0.021780021488666534,0.3920404016971588
1691856234.082834,0.0,0.0,0.0,0.3920404016971588
1691856234.263017,0.0,0.0,0.0,0.3702603578567505
1691856234.4525013,0.0,0.0,0.021780021488666534,0.3920404016971588
1691856234.6593451,0.0,0.0,0.0,0.3920404016971588
1691856234.871096,0.0,0.0,0.0,0.3920404016971588
1691856235.0666053,0.0,0.0,0.0,0.3920404016971588
1691856235.2438555,0.0,0.0,0.0,0.3920404016971588
1691856235.4102676,0.0,0.0,0.08712008595466614,0.41382041573524475
1691856235.5907192,0.0,0.0,0.0,0.3920404016971588
1691856235.7727373,0.0,0.0,0.0,0.3920404016971588
1691856235.9457457,0.0,0.0,0.0,0.3920404016971588
1691856236.111511,0.0,0.0,0.0,0.3049203157424927
1691856236.3172743,0.0,0.0,0.0,0.3920404016971588
1691856236.4938638,0.0,0.0,0.0,0.3920404016971588
1691856236.6676037,0.0,0.0,0.0,0.41382041573524475
1691856236.8347478,0.0,0.0,0.021780021488666534,0.3702603578567505
1691856237.0104313,0.0,0.0,0.021780021488666534,0.3049203157424927
1691856237.1798177,0.0,0.0,0.021780021488666534,0.3920404016971588
1691856237.3831537,0.0,0.0,0.0,0.41382041573524475
1691856237.5593667,0.0,0.0,0.0,0.3920404016971588
1691856237.7256784,0.0,0.0,0.0,0.3920404016971588
1691856237.8965259,0.0,0.0,0.0,0.3920404016971588
1691856238.0633693,0.0,0.0,0.0,0.3920404016971588
1691856238.2287703,0.0,0.0,0.0,0.3702603578567505
1691856238.39481,0.0,0.0653400644659996,0.0,0.41382041573524475
1691856238.5929291,0.0,0.0,0.0,0.3920404016971588
1691856238.7663124,0.0,0.0,0.0,0.3920404016971588
1691856238.9393432,0.0,0.0,0.0,0.4573804438114166
1691856239.1060283,0.0,0.0,0.021780021488666534,0.3920404016971588
1691856239.2749166,0.0,0.0,0.0,0.3920404016971588
1691856239.4455655,0.0,0.0,0.0,0.3920404016971588
1691856239.6097999,0.0,0.0,0.0,0.3920404016971588
1691856239.7776525,0.0,0.0,0.0,0.41382041573524475
1691856239.9751344,0.0,0.0,0.0,0.41382041573524475
1691856240.150525,0.021780021488666534,0.0,0.0,0.41382041573524475
1691856240.325732,0.0,0.0,0.0,0.3920404016971588
1691856240.4977057,0.0,0.0,0.0,0.3920404016971588
1691856240.6764317,0.0,0.0,0.0,0.3049203157424927
1691856240.8631992,0.0,0.0,0.0,0.3920404016971588
1691856241.041469,0.0,0.0,0.0,0.34848034381866455
1691856241.253149,0.0,0.0,0.0,0.3920404016971588
1691856241.4408605,0.0,0.0,0.0,0.3920404016971588
1691856241.6186047,0.0,0.0,0.0,0.3920404016971588
1691856241.7927752,0.0,0.0,0.0,0.41382041573524475
1691856241.9704115,0.0,0.0,0.04356004297733307,0.3920404016971588
1691856242.1334558,0.0,0.08712008595466614,0.021780021488666534,0.41382041573524475
1691856242.3124068,0.0,0.0,0.0,0.3920404016971588
1691856242.507878,0.0,0.0,0.021780021488666534,0.3920404016971588
1691856242.7039535,0.0,0.0,0.0,0.4573804438114166
1691856242.8787591,0.0,0.0,0.0,0.3920404016971588
1691856243.07807,0.0,0.0,0.0,0.3920404016971588
1691856243.260043,0.0,0.0,0.0,0.3920404016971588
1691856243.4567792,0.0,0.0,0.0,0.3920404016971588
1691856243.6387613,0.0,0.0,0.021780021488666534,0.3920404016971588
1691856243.8403509,0.0,0.0,0.0,0.47916048765182495
1691856244.0721364,0.0,0.0,0.0,0.41382041573524475
1691856244.2689726,0.0,0.0,0.0,0.3920404016971588
1691856244.4485052,0.0,0.0,0.0,0.3920404016971588
1691856244.6261227,0.0,0.0,0.0,0.4356004297733307
1691856244.8171132,0.0,0.0,0.0,0.3702603578567505
1691856245.005813,0.0,0.0,0.0,0.3920404016971588
1691856245.1842024,0.0,0.0,0.0,0.41382041573524475
1691856245.3521168,0.0,0.0,0.021780021488666534,0.34848034381866455
1691856245.5472665,0.0,0.0,0.0,0.3920404016971588
1691856245.7336373,0.0,0.0,0.04356004297733307,0.3920404016971588
1691856245.9168901,0.0,0.0,0.0,0.3920404016971588
1691856246.0884402,0.0,0.0,0.0,0.3920404016971588
1691856246.2631865,0.0,0.0,0.0,0.3920404016971588
1691856246.4441848,0.0,0.0,0.0,0.3920404016971588
1691856246.6107213,0.0,0.021780021488666534,0.0,0.3702603578567505
1691856246.7772176,0.0,0.0,0.021780021488666534,0.3920404016971588
1691856246.9893982,0.0,0.0,0.0,0.3920404016971588
1691856247.1854453,0.0,0.0,0.0,0.3920404016971588
1691856247.3645945,0.0,0.08712008595466614,0.0,0.3920404016971588
1691856247.534881,0.0,0.0,0.0,0.3920404016971588
1691856247.7039309,0.0,0.0,0.0653400644659996,0.3920404016971588
1691856247.8871284,0.0,0.0,0.0,0.3920404016971588
1691856248.0784252,0.0,0.0,0.0,0.3702603578567505
1691856248.290998,0.0,0.0,0.0,0.41382041573524475
1691856248.4664862,0.0,0.0,0.0,0.3920404016971588
1691856248.632858,0.0,0.0,0.0,0.3920404016971588
1691856248.8043785,0.0,0.0,0.0,0.3920404016971588
1691856248.970069,0.04356004297733307,0.0,0.0,0.3920404016971588
1691856249.1481457,0.0,0.0,0.08712008595466614,0.3920404016971588
1691856249.3263857,0.0,0.0,0.0,0.41382041573524475
1691856249.5193605,0.0,0.0,0.0,0.4573804438114166
1691856249.7369413,0.0,0.0,0.0,0.3920404016971588
1691856249.9297433,0.0,0.0,0.0,0.3920404016971588
1691856250.1080604,0.0,0.0,0.0,0.3920404016971588
1691856250.293995,0.08712008595466614,0.0,0.04356004297733307,0.3920404016971588
1691856250.483415,0.0,0.0,0.0,0.47916048765182495
1691856250.6730103,0.0,0.0,0.0,0.41382041573524475
1691856250.8488295,0.0,0.0,0.0,0.3920404016971588
1691856251.0676029,0.0,0.0,0.0,0.3920404016971588
1691856251.2551696,0.0,0.0,0.0,0.3702603578567505
1691856251.4383407,0.0,0.0,0.0,0.3920404016971588
1691856251.621718,0.0,0.0,0.0,0.3920404016971588
1691856251.8064067,0.0,0.0,0.0,0.3920404016971588
1691856251.9845347,0.021780021488666534,0.0,0.0,0.3920404016971588
1691856252.1643312,0.0,0.0,0.0,0.3920404016971588
1691856252.3335445,0.04356004297733307,0.0,0.0,0.3920404016971588
1691856252.554048,0.0,0.0,0.0,0.3702603578567505
1691856252.7360682,0.0,0.0,0.021780021488666534,0.3920404016971588
1691856252.9272664,0.0,0.0653400644659996,0.0,0.3920404016971588
1691856253.1251235,0.0,0.0,0.0,0.3702603578567505
1691856253.3087656,0.0,0.0,0.0,0.41382041573524475
1691856253.4962227,0.0,0.0,0.0,0.34848034381866455
1691856253.6727107,0.0,0.0,0.0,0.3920404016971588
1691856253.8464139,0.0,0.0,0.0,0.3920404016971588
1691856254.0546713,0.0,0.0,0.0,0.3920404016971588
1691856254.2286453,0.0,0.0,0.0,0.41382041573524475
1691856254.4031818,0.0,0.0,0.0,0.3920404016971588
1691856254.5769556,0.0,0.0,0.0,0.3920404016971588
1691856254.7487872,0.0,0.0,0.0,0.3920404016971588
1691856254.9309802,0.0,0.0,0.0,0.3920404016971588
1691856255.1080863,0.0,0.0,0.0,0.41382041573524475
1691856255.3116972,0.0,0.0,0.0,0.3920404016971588
1691856255.512681,0.0,0.0,0.0,0.41382041573524475
1691856255.7167025,0.0,0.0,0.0,0.3920404016971588
1691856255.9099047,0.0,0.0,0.0,0.3920404016971588
1691856256.0962625,0.0,0.0,0.0,0.3920404016971588
1691856256.2622285,0.0,0.0,0.0,0.3920404016971588
1691856256.444787,0.0,0.0,0.021780021488666534,0.3920404016971588
1691856256.6120405,0.0,0.0,0.0,0.3920404016971588
1691856256.826145,0.0,0.0,0.0,0.3920404016971588
1691856257.0017374,0.0,0.0,0.0,0.3920404016971588
1691856257.1847243,0.0,0.0,0.021780021488666534,0.3920404016971588
1691856257.393505,0.0,0.0,0.0,0.41382041573524475
1691856257.592443,0.0,0.0653400644659996,0.0,0.3702603578567505
1691856257.7938826,0.0,0.0,0.0,0.3920404016971588
1691856257.9781334,0.0,0.0,0.0,0.3920404016971588
1691856258.1665719,0.0,0.0,0.0,0.3920404016971588
1691856258.372946,0.0,0.0,0.0,0.41382041573524475
1691856258.5504131,0.0,0.0,0.0,0.3920404016971588
1691856258.720729,0.0,0.0,0.0,0.41382041573524475
1691856258.90685,0.0,0.0,0.0,0.3920404016971588
1691856259.0902581,0.0,0.0,0.0,0.3920404016971588
1691856259.2587898,0.0,0.0,0.0,0.41382041573524475
1691856259.4523795,0.0,0.0,0.021780021488666534,0.41382041573524475
1691856259.6664667,0.0,0.0,0.0,0.3920404016971588
1691856259.847088,0.0,0.0,0.0,0.3920404016971588
1691856260.0230987,0.0,0.0,0.0,0.41382041573524475
1691856260.2162557,0.0,0.0,0.04356004297733307,0.3920404016971588
1691856260.3991027,0.0,0.0,0.0,0.41382041573524475
1691856260.5644112,0.0,0.0,0.0,0.4573804438114166
1691856260.7632947,0.0,0.0,0.0,0.3920404016971588
1691856260.9552908,0.0,0.0,0.0,0.3920404016971588
1691856261.1731284,0.0,0.0,0.0,0.3920404016971588
1691856261.348444,0.0,0.0,0.0,0.3920404016971588
1691856261.517818,0.0,0.0,0.0,0.3920404016971588
1691856261.6853094,0.0,0.0,0.0,0.3920404016971588
1691856261.8559995,0.0,0.0,0.0,0.3920404016971588
1691856262.0409591,0.0,0.0,0.0,0.41382041573524475
1691856262.226968,0.0,0.0,0.021780021488666534,0.3920404016971588
1691856262.4555562,0.0,0.0,0.0,0.3702603578567505
1691856262.6461704,0.0,0.0,0.0,0.3920404016971588
1691856262.828578,0.0,0.0,0.0,0.41382041573524475
1691856263.0109885,0.0,0.0,0.0,0.41382041573524475
1691856263.191656,0.0,0.0,0.0,0.3920404016971588
1691856263.373046,0.0,0.0,0.0,0.41382041573524475
1691856263.5565372,0.0,0.0,0.0,0.3920404016971588
1691856263.7440412,0.0,0.0,0.021780021488666534,0.3920404016971588
1691856263.9804928,0.0,0.0,0.021780021488666534,0.3920404016971588
1691856264.1626933,0.0,0.0,0.0,0.3702603578567505
1691856264.3386374,0.0,0.0,0.0,0.3920404016971588
1691856264.51413,0.0,0.0,0.0,0.3920404016971588
1691856264.7044144,0.0,0.0,0.0,0.4573804438114166
1691856264.9096022,0.0,0.0,0.0,0.3920404016971588
1691856265.0967844,0.0,0.0,0.0,0.41382041573524475
1691856265.3096285,0.0,0.0,0.0,0.3920404016971588
1691856265.4905531,0.0,0.0,0.0,0.3920404016971588
1691856265.6697605,0.0,0.0,0.0,0.3920404016971588
1691856265.857482,0.0,0.0,0.0,0.3920404016971588
1691856266.0479987,0.0,0.0,0.0,0.3920404016971588
1691856266.2451828,0.0,0.0,0.0,0.3702603578567505
1691856266.430489,0.0,0.0,0.0,0.41382041573524475
1691856266.6209927,0.0,0.0,0.0,0.3920404016971588
1691856266.828249,0.0,0.0,0.0,0.3920404016971588
1691856267.0204911,0.0,0.0,0.0,0.3920404016971588
1691856267.1969948,0.0,0.0,0.0,0.3920404016971588
1691856267.3950992,0.0,0.0,0.0,0.3920404016971588
1691856267.5727494,0.0,0.0,0.04356004297733307,0.3920404016971588
1691856267.7740397,0.0,0.0,0.0,0.3702603578567505
1691856267.9899383,0.0,0.0,0.0,0.41382041573524475
1691856268.2448409,0.0,0.0,0.0653400644659996,0.34848034381866455
1691856268.451162,0.0,0.0,0.0,0.3920404016971588
1691856268.6418273,0.0,0.0,0.0,0.3920404016971588
1691856268.8233035,0.0,0.0,0.0,0.3920404016971588
1691856269.0101094,0.0,0.0,0.0,0.41382041573524475
1691856269.199143,0.0,0.0,0.0,0.3920404016971588
1691856269.3935082,0.0,0.04356004297733307,0.021780021488666534,0.41382041573524475
1691856269.6164234,0.0,0.0,0.0,0.3920404016971588
1691856269.8287678,0.0,0.0,0.0,0.3702603578567505
1691856270.0300415,0.0,0.0,0.0,0.41382041573524475
1691856270.2192547,0.0,0.0,0.0,0.41382041573524475
1691856270.407211,0.0,0.0,0.0,0.3920404016971588
1691856270.6010149,0.0,0.0,0.0,0.41382041573524475
1691856270.7923434,0.0,0.0,0.0,0.3920404016971588
1691856270.9878106,0.0,0.0,0.0,0.3920404016971588
1691856271.2092748,0.0,0.0,0.0,0.47916048765182495
1691856271.3955188,0.0,0.0,0.0,0.3049203157424927
1691856271.598449,0.0,0.0,0.0,0.3920404016971588
1691856271.7976367,0.0,0.0,0.0,0.41382041573524475
1691856272.0159492,0.0,0.0,0.0,0.3920404016971588
1691856272.2120285,0.0,0.0,0.0,0.41382041573524475
1691856272.411821,0.0,0.0,0.0,0.3920404016971588
1691856272.63693,0.0,0.0,0.0,0.3920404016971588
1691856272.8444617,0.0,0.0,0.0,0.41382041573524475
1691856273.0566285,0.0,0.0,0.0,0.34848034381866455
1691856273.2725897,0.0,0.0,0.0,0.3920404016971588
1691856273.4833338,0.021780021488666534,0.0,0.0,0.3920404016971588
1691856273.675026,0.0,0.0,0.0,0.3920404016971588
1691856273.8614902,0.0,0.0,0.021780021488666534,0.41382041573524475
1691856274.080561,0.0,0.0,0.0,0.34848034381866455
1691856274.2845566,0.0,0.0,0.0,0.3920404016971588
1691856274.476079,0.021780021488666534,0.0,0.0,0.3920404016971588
1691856274.6896372,0.0,0.0,0.0,0.3920404016971588
1691856274.8809063,0.0,0.0,0.04356004297733307,0.41382041573524475
1691856275.0925412,0.0,0.0,0.0,0.41382041573524475
1691856275.2891219,0.0,0.0,0.0,0.3920404016971588
1691856275.534504,0.0,0.0,0.0,0.3920404016971588
1691856275.7366898,0.0,0.0,0.0,0.3920404016971588
1691856275.9258616,0.0,0.0,0.0,0.41382041573524475
1691856276.1088898,0.0,0.0,0.0,0.3920404016971588
1691856276.306067,0.0,0.0,0.0,0.4573804438114166
1691856276.4946542,0.0,0.0,0.0,0.41382041573524475
1691856276.6793249,0.0,0.0,0.0,0.3920404016971588
1691856276.9151187,0.0,0.0,0.0,0.3920404016971588
1691856277.1089678,0.0,0.0,0.021780021488666534,0.41382041573524475
1691856277.3202422,0.0,0.0,0.0,0.3920404016971588
1691856277.5077798,0.0,0.0,0.0,0.3920404016971588
1691856277.7129006,0.0,0.0,0.0,0.3920404016971588
1691856277.9093428,0.0,0.0,0.0,0.3920404016971588
1691856278.1120374,0.0,0.0,0.0,0.3702603578567505
1691856278.337566,0.0,0.0,0.0,0.3920404016971588
1691856278.5337493,0.0,0.0,0.0,0.3920404016971588
1691856278.7378519,0.0,0.0,0.0,0.3920404016971588
1691856278.9186497,0.0,0.0,0.0,0.3920404016971588
1691856279.120015,0.0,0.0,0.0,0.3920404016971588
1691856279.300993,0.0,0.0,0.0,0.3920404016971588
1691856279.4952571,0.0,0.0,0.0,0.4573804438114166
1691856279.6862328,0.0,0.0,0.0,0.41382041573524475
1691856279.9097805,0.0,0.0,0.0,0.41382041573524475
1691856280.0936036,0.0,0.0,0.0,0.3920404016971588
1691856280.2752023,0.0,0.0,0.0,0.41382041573524475
1691856280.4517457,0.0,0.0,0.0,0.3920404016971588
1691856280.6364844,0.0,0.0,0.0,0.41382041573524475
1691856280.8094783,0.0,0.0,0.0,0.3920404016971588
1691856280.9798918,0.0,0.04356004297733307,0.0,0.3049203157424927
1691856281.1922722,0.0,0.0,0.0,0.3920404016971588
1691856281.366977,0.0,0.0,0.0,0.3920404016971588
1691856281.53337,0.0,0.0,0.0,0.3920404016971588
1691856281.7038796,0.0,0.0,0.0,0.3920404016971588
1691856281.9001076,0.0,0.0,0.0,0.41382041573524475
1691856282.0955842,0.0,0.04356004297733307,0.0,0.3920404016971588
1691856282.258805,0.0,0.0,0.0,0.3920404016971588
1691856282.4400842,0.0,0.0,0.0,0.3920404016971588
1691856282.659817,0.0,0.0,0.0,0.41382041573524475
1691856282.8458576,0.0,0.0,0.0,0.41382041573524475
1691856283.0253575,0.0,0.0,0.0,0.3920404016971588
1691856283.208169,0.0,0.0,0.0,0.3702603578567505
1691856283.384686,0.0,0.0,0.0,0.3920404016971588
1691856283.575596,0.0,0.0,0.0,0.3920404016971588
1691856283.7722843,0.0,0.0,0.0,0.3920404016971588
1691856283.9576478,0.0,0.0,0.0,0.3920404016971588
1691856284.1770036,0.0,0.0,0.0,0.3702603578567505
1691856284.3473125,0.0,0.0,0.0,0.3702603578567505
1691856284.5232553,0.0,0.0,0.0,0.3920404016971588
1691856284.705775,0.0,0.0,0.0,0.3920404016971588
1691856284.8852556,0.0,0.021780021488666534,0.0,0.3920404016971588
1691856285.0737221,0.0,0.0,0.0,0.3920404016971588
1691856285.263388,0.0,0.0,0.0,0.3920404016971588
1691856285.4885705,0.0,0.0,0.0,0.3920404016971588
1691856285.6744354,0.0,0.0,0.0,0.3920404016971588
1691856285.8574572,0.0,0.0,0.0,0.3702603578567505
1691856286.0277317,0.0,0.0,0.0,0.41382041573524475
1691856286.2034767,0.0,0.0,0.0,0.3920404016971588
1691856286.368839,0.0,0.0,0.0,0.3920404016971588
1691856286.5458775,0.0,0.0,0.0,0.3920404016971588
1691856286.7369704,0.0,0.021780021488666534,0.021780021488666534,0.41382041573524475
1691856286.948638,0.0,0.0,0.0,0.3920404016971588
1691856287.1318362,0.0,0.0,0.0,0.41382041573524475
1691856287.3125181,0.0,0.0,0.0,0.3920404016971588
1691856287.5012252,0.0,0.0,0.0,0.3920404016971588
1691856287.675751,0.0,0.0,0.0,0.41382041573524475
1691856287.859047,0.0,0.0,0.0,0.41382041573524475
1691856288.0352962,0.08712008595466614,0.0,0.0,0.41382041573524475
1691856288.2204843,0.0,0.0,0.021780021488666534,0.3920404016971588
1691856288.4373012,0.0,0.0,0.021780021488666534,0.3920404016971588
1691856288.625906,0.0,0.04356004297733307,0.0,0.3920404016971588
1691856288.7950652,0.0,0.0,0.0,0.41382041573524475
1691856288.972129,0.0,0.0,0.021780021488666534,0.3920404016971588
1691856289.1542325,0.0,0.0,0.0,0.3702603578567505
1691856289.3236,0.0,0.0,0.0,0.41382041573524475
1691856289.5098908,0.0,0.0,0.021780021488666534,0.3920404016971588
1691856289.7221797,0.0,0.0,0.0,0.3920404016971588
1691856289.9012785,0.0,0.0,0.0,0.3920404016971588
1691856290.0803242,0.08712008595466614,0.0,0.0,0.3920404016971588
1691856290.2582853,0.0,0.0,0.0,0.3920404016971588
1691856290.4613357,0.0,0.0,0.0,0.3920404016971588
1691856290.6534147,0.0,0.0,0.0,0.34848034381866455
1691856290.8379116,0.0,0.0,0.0,0.3920404016971588
1691856291.0063486,0.0,0.0,0.0,0.3920404016971588
1691856291.216353,0.0,0.0,0.0,0.3920404016971588
1691856291.403397,0.0,0.0,0.0,0.3920404016971588
1691856291.5697463,0.0,0.0,0.0,0.3920404016971588
1691856291.7458043,0.0,0.08712008595466614,0.0,0.3920404016971588
1691856291.9160876,0.0,0.0,0.0,0.41382041573524475
1691856292.103107,0.0,0.0,0.0,0.3920404016971588
1691856292.2845778,0.0,0.0,0.0,0.3920404016971588
1691856292.4731019,0.0,0.0,0.0,0.3920404016971588
1691856292.6766768,0.0,0.0,0.08712008595466614,0.4356004297733307
1691856292.86024,0.0,0.0,0.0,0.3920404016971588
1691856293.0593722,0.0,0.0,0.021780021488666534,0.41382041573524475
1691856293.236668,0.0,0.0,0.0,0.3920404016971588
1691856293.4150803,0.0,0.0,0.0,0.3920404016971588
1691856293.5863695,0.0,0.0,0.0,0.3920404016971588
1691856293.762351,0.0,0.0,0.0,0.4356004297733307
1691856293.9829977,0.04356004297733307,0.0,0.0,0.3920404016971588
1691856294.1571834,0.0,0.0,0.0,0.41382041573524475
1691856294.3390024,0.0,0.0,0.021780021488666534,0.41382041573524475
1691856294.506285,0.0,0.021780021488666534,0.0,0.3920404016971588
1691856294.6834474,0.0,0.0,0.0,0.3920404016971588
1691856294.8611352,0.0,0.0,0.0,0.3920404016971588
1691856295.0496771,0.0,0.0,0.0,0.3920404016971588
1691856295.2333167,0.021780021488666534,0.0,0.0,0.3920404016971588
1691856295.4525268,0.0,0.0,0.0,0.3920404016971588
1691856295.629207,0.0,0.0,0.0,0.3920404016971588
1691856295.8185546,0.0,0.0,0.0,0.3920404016971588
1691856296.0085652,0.0,0.0,0.0,0.3920404016971588
1691856296.1890476,0.0,0.0,0.0,0.3702603578567505
1691856296.3732502,0.0,0.0,0.0,0.41382041573524475
1691856296.555618,0.0,0.0,0.0,0.3702603578567505
1691856296.7303834,0.0,0.0,0.0,0.34848034381866455
1691856296.9466636,0.0,0.0,0.0,0.3920404016971588
1691856297.1314638,0.0,0.0,0.0,0.3920404016971588
1691856297.3098078,0.0,0.0,0.0,0.23958024382591248
1691856297.4881449,0.0,0.0,0.0,0.3920404016971588
1691856297.666916,0.0,0.0,0.0,0.41382041573524475
1691856297.847909,0.0,0.0,0.0,0.3920404016971588
1691856298.0244327,0.0,0.0,0.0,0.3920404016971588
1691856298.2498417,0.0,0.04356004297733307,0.0,0.3920404016971588
1691856298.4398994,0.0,0.0,0.0,0.3920404016971588
1691856298.6586227,0.0,0.0,0.0,0.3920404016971588
1691856298.8615603,0.0,0.0,0.0,0.41382041573524475
1691856299.0514522,0.0,0.0,0.0,0.3920404016971588
1691856299.2563157,0.0,0.0,0.0,0.3920404016971588
1691856299.451973,0.0,0.0,0.04356004297733307,0.3920404016971588
1691856299.627722,0.0,0.0,0.0,0.3920404016971588
1691856299.842412,0.0,0.0,0.0,0.3920404016971588
1691856300.0148346,0.0,0.0,0.0,0.3920404016971588
1691856300.1901,0.0,0.0,0.0,0.3920404016971588
1691856300.3731453,0.0,0.0,0.0,0.3702603578567505
1691856300.5482554,0.0,0.0,0.0,0.3920404016971588
1691856300.7346501,0.0,0.0,0.0,0.3920404016971588
1691856300.9094312,0.0,0.0,0.021780021488666534,0.3920404016971588
1691856301.1268613,0.0,0.0,0.0,0.3920404016971588
1691856301.3423336,0.0,0.0,0.0,0.3920404016971588
1691856301.5363252,0.0,0.0,0.0,0.3920404016971588
1691856301.715784,0.0,0.0,0.04356004297733307,0.3920404016971588
1691856301.8951871,0.0,0.0,0.0,0.3920404016971588
1691856302.0913997,0.0,0.0,0.0,0.3920404016971588
1691856302.2785296,0.0,0.0,0.0,0.3920404016971588
1691856302.4573102,0.021780021488666534,0.0,0.0,0.41382041573524475
1691856302.6984208,0.0,0.0,0.021780021488666534,0.3920404016971588
1691856302.885717,0.0,0.0,0.0,0.41382041573524475
1691856303.0619226,0.0,0.0,0.0,0.3920404016971588
1691856303.2569237,0.0,0.0,0.021780021488666534,0.3702603578567505
1691856303.4337854,0.0,0.0,0.0,0.3920404016971588
1691856303.6261218,0.0,0.0,0.0,0.3920404016971588
1691856303.816609,0.0,0.0,0.0,0.3920404016971588
1691856304.014956,0.0,0.0,0.0,0.3702603578567505
1691856304.2384405,0.0,0.0,0.0,0.41382041573524475
1691856304.4304643,0.0,0.0,0.0,0.3920404016971588
1691856304.6091087,0.0,0.0,0.0,0.3920404016971588
1691856304.7891808,0.0,0.0,0.0,0.41382041573524475
1691856304.9628308,0.0,0.0,0.0,0.3920404016971588
1691856305.1422484,0.0,0.08712008595466614,0.08712008595466614,0.3920404016971588
1691856305.3249927,0.0,0.0,0.0,0.41382041573524475
1691856305.5496733,0.0,0.0,0.0,0.3920404016971588
1691856305.7261655,0.0,0.0,0.0,0.3920404016971588
1691856305.8995104,0.0,0.0,0.0,0.3920404016971588
1691856306.0772557,0.0,0.0,0.0,0.3920404016971588
1691856306.2612731,0.0,0.0,0.0,0.3920404016971588
1691856306.4429765,0.0,0.04356004297733307,0.0,0.3920404016971588
1691856306.6263795,0.0,0.0,0.0,0.3920404016971588
1691856306.8150637,0.0,0.0,0.0,0.3920404016971588
1691856307.03971,0.0,0.0,0.0,0.3702603578567505
1691856307.2508602,0.0,0.0,0.0,0.3920404016971588
1691856307.45651,0.0,0.0,0.0,0.3920404016971588
1691856307.6540687,0.0,0.0,0.0,0.3920404016971588
1691856307.8531938,0.0,0.0,0.0,0.3920404016971588
1691856308.0442498,0.0,0.0,0.0,0.41382041573524475
1691856308.234242,0.0,0.0,0.0,0.3920404016971588
1691856308.4179912,0.0,0.0,0.0,0.3920404016971588
1691856308.6353352,0.0,0.0,0.0,0.3920404016971588
1691856308.820719,0.021780021488666534,0.0,0.0,0.3920404016971588
1691856309.0045943,0.0,0.0,0.0,0.41382041573524475
1691856309.1941457,0.0,0.0,0.0,0.4573804438114166
1691856309.3938715,0.0,0.0,0.0,0.3920404016971588
1691856309.5770679,0.0,0.0653400644659996,0.0,0.41382041573524475
1691856309.7625902,0.0,0.0,0.0,0.3920404016971588
1691856309.9884603,0.0,0.0,0.0,0.3920404016971588
1691856310.1770146,0.0,0.0,0.0,0.3049203157424927
1691856310.3734114,0.0,0.0,0.021780021488666534,0.41382041573524475
1691856310.558563,0.0,0.0,0.0,0.47916048765182495
1691856310.731145,0.0,0.0,0.0,0.3920404016971588
1691856310.9147067,0.0,0.0,0.0,0.3920404016971588
1691856311.1270182,0.0,0.0,0.0,0.3049203157424927
1691856311.3313048,0.0,0.0,0.0,0.3920404016971588
1691856311.554336,0.0,0.0,0.021780021488666534,0.3920404016971588
1691856311.7271054,0.04356004297733307,0.0,0.021780021488666534,0.3920404016971588
1691856311.9053416,0.0,0.0,0.0,0.41382041573524475
1691856312.0790124,0.0,0.0,0.021780021488666534,0.3920404016971588
1691856312.266561,0.0,0.0,0.0,0.41382041573524475
1691856312.4496498,0.0,0.0,0.0,0.3920404016971588
1691856312.6367161,0.0,0.0,0.0,0.41382041573524475
1691856312.8627121,0.0,0.0,0.0,0.3920404016971588
1691856313.0417655,0.0,0.0,0.021780021488666534,0.3920404016971588
1691856313.2236822,0.0,0.0,0.0,0.3920404016971588
1691856313.3984892,0.0,0.0,0.0,0.5227205157279968
1691856313.5787644,0.0,0.0,0.0,0.3920404016971588
1691856313.761126,0.0,0.0,0.0,0.3920404016971588
1691856313.9425945,0.0,0.0,0.0,0.3920404016971588
1691856314.1230235,0.0,0.0,0.0,0.3920404016971588
1691856314.3504992,0.0,0.0,0.0,0.3920404016971588
1691856314.5309734,0.0,0.0,0.0,0.3920404016971588
1691856314.7095819,0.0,0.0,0.0,0.3702603578567505
1691856314.891821,0.0,0.0,0.0,0.3920404016971588
1691856315.0712948,0.0,0.0,0.0,0.3920404016971588
1691856315.2427218,0.0,0.0,0.021780021488666534,0.3920404016971588
1691856315.4216025,0.0,0.0,0.0,0.3920404016971588
1691856315.6324313,0.0,0.0,0.0,0.41382041573524475
1691856315.8120492,0.0,0.0,0.0,0.3920404016971588
1691856315.988054,0.0,0.0,0.0,0.3920404016971588
1691856316.1587615,0.0,0.04356004297733307,0.0,0.3920404016971588
1691856316.347374,0.0,0.0,0.021780021488666534,0.3702603578567505
1691856316.5238135,0.0,0.0,0.0,0.3920404016971588
1691856316.705495,0.0,0.0,0.0,0.41382041573524475
1691856316.8926146,0.0,0.0,0.0,0.3920404016971588
1691856317.1050975,0.0,0.0,0.0,0.4356004297733307
1691856317.2963085,0.0,0.0,0.0,0.3920404016971588
1691856317.4882429,0.0,0.0,0.0,0.3702603578567505
1691856317.6672444,0.0,0.0,0.0,0.3702603578567505
1691856317.848517,0.0,0.0,0.0,0.3920404016971588
1691856318.0694354,0.0,0.0,0.0,0.41382041573524475
1691856318.2453506,0.0,0.0,0.0,0.41382041573524475
1691856318.4810977,0.0,0.0,0.0,0.3702603578567505
1691856318.7078202,0.0,0.0,0.0,0.41382041573524475
1691856318.9406645,0.0,0.0,0.021780021488666534,0.3920404016971588
1691856319.1913612,0.0,0.0,0.0,0.3920404016971588
1691856319.3805327,0.0,0.0,0.0,0.3920404016971588
1691856319.5732079,0.0,0.0,0.0,0.4573804438114166
1691856319.7586532,0.0,0.0,0.0,0.3920404016971588
1691856319.9346833,0.0,0.0653400644659996,0.0,0.34848034381866455
1691856320.192265,0.0,0.0,0.0,0.3920404016971588
1691856320.3897607,0.0,0.0,0.0,0.3920404016971588
1691856320.5798254,0.0,0.0,0.0,0.3920404016971588
1691856320.767311,0.0,0.0,0.0,0.3920404016971588
1691856320.9591956,0.0,0.0,0.0,0.3920404016971588
1691856321.1367028,0.0,0.0,0.08712008595466614,0.3702603578567505
1691856321.3866,0.0,0.0,0.0,0.3920404016971588
1691856321.6679351,0.0,0.04356004297733307,0.0,0.3702603578567505
1691856321.938005,0.0,0.0,0.04356004297733307,0.3920404016971588
1691856322.184607,0.0,0.0,0.0,0.41382041573524475
1691856322.3635452,0.0,0.0,0.021780021488666534,0.3920404016971588
1691856322.535879,0.0,0.0,0.0,0.41382041573524475
1691856322.7059,0.0,0.0,0.0,0.3920404016971588
1691856322.8785977,0.0,0.0,0.0,0.3920404016971588
1691856323.0844588,0.0,0.0,0.0,0.4356004297733307
1691856323.2983046,0.0,0.0,0.0,0.3920404016971588
1691856323.4662845,0.0,0.0,0.0,0.3920404016971588
1691856323.6398337,0.0,0.0,0.0,0.3920404016971588
1691856323.8154047,0.0,0.0,0.0,0.41382041573524475
1691856323.9860013,0.021780021488666534,0.0,0.0,0.3920404016971588
1691856324.1616683,0.0,0.0,0.0,0.3920404016971588
1691856324.3387792,0.0,0.0,0.0,0.3920404016971588
1691856324.5531545,0.0,0.0,0.0,0.3920404016971588
1691856324.7344515,0.0,0.0,0.0,0.3920404016971588
1691856324.9214177,0.0,0.0,0.0,0.3920404016971588
1691856325.0957344,0.0,0.0,0.0,0.41382041573524475
1691856325.2771316,0.0,0.0,0.021780021488666534,0.3920404016971588
1691856325.4493077,0.0,0.0,0.0,0.3920404016971588
1691856325.6233556,0.0,0.0,0.0,0.3920404016971588
1691856325.7988021,0.0,0.0,0.0,0.3920404016971588
1691856326.0034223,0.0,0.0,0.0,0.3920404016971588
1691856326.1722639,0.0,0.0,0.0,0.41382041573524475
1691856326.3579328,0.0,0.0,0.0,0.3702603578567505
1691856326.532893,0.0,0.0,0.0,0.3920404016971588
1691856326.7126997,0.0,0.0,0.0,0.3920404016971588
1691856326.8958523,0.0,0.0,0.0,0.41382041573524475
1691856327.076421,0.0,0.0,0.0,0.3920404016971588
1691856327.2841408,0.0,0.0,0.0,0.3920404016971588
1691856327.4641066,0.0,0.0,0.0,0.3702603578567505
1691856327.6369781,0.0,0.0,0.0,0.3920404016971588
1691856327.8111756,0.0,0.0,0.0,0.3920404016971588
1691856327.9893253,0.0,0.0,0.0,0.3702603578567505
1691856328.1749017,0.0,0.0,0.0,0.3920404016971588
1691856328.3559387,0.0,0.0,0.08712008595466614,0.3920404016971588
1691856328.5448558,0.0,0.0,0.0,0.3702603578567505
1691856328.756633,0.0,0.0,0.0,0.3920404016971588
1691856328.9353788,0.0,0.0,0.0,0.3920404016971588
1691856329.1159873,0.0,0.0,0.0,0.3920404016971588
1691856329.300903,0.0,0.0,0.0,0.3920404016971588
1691856329.4750922,0.021780021488666534,0.0,0.0,0.3920404016971588
1691856329.661482,0.0,0.0,0.0,0.3920404016971588
1691856329.8350701,0.0,0.0,0.0,0.3920404016971588
1691856330.053095,0.0,0.0,0.0,0.41382041573524475
1691856330.2398787,0.0,0.0,0.0,0.3920404016971588
1691856330.4169488,0.0,0.0,0.021780021488666534,0.3920404016971588
1691856330.5919611,0.0,0.0,0.0,0.3920404016971588
1691856330.7704134,0.0,0.021780021488666534,0.0,0.41382041573524475
1691856330.9519005,0.0,0.0,0.0,0.3920404016971588
1691856331.1353745,0.0,0.0,0.0,0.3920404016971588
1691856331.3201413,0.0,0.0,0.0,0.41382041573524475
1691856331.5217369,0.0,0.0,0.0,0.3920404016971588
1691856331.700032,0.0,0.0,0.0,0.3920404016971588
1691856331.8757849,0.021780021488666534,0.0,0.0,0.3920404016971588
1691856332.054328,0.0,0.0,0.0,0.3920404016971588
1691856332.236397,0.0,0.0,0.0,0.5227205157279968
1691856332.413021,0.0,0.0,0.0,0.3920404016971588
1691856332.5904777,0.0,0.0,0.0,0.3920404016971588
1691856332.801704,0.0,0.0,0.0,0.3702603578567505
1691856332.9795148,0.0,0.0,0.0,0.3920404016971588
1691856333.1605124,0.0,0.0,0.0,0.3920404016971588
1691856333.3329592,0.0,0.0,0.0,0.3702603578567505
1691856333.5116441,0.0,0.0,0.0,0.3920404016971588
1691856333.6913075,0.0,0.0,0.0,0.3920404016971588
1691856333.8831143,0.04356004297733307,0.0,0.0,0.41382041573524475
1691856334.0949726,0.0,0.0,0.0,0.41382041573524475
1691856334.2674842,0.0,0.0,0.0,0.3920404016971588
1691856334.441697,0.0,0.0,0.0,0.3920404016971588
1691856334.6147668,0.021780021488666534,0.0,0.0,0.3920404016971588
1691856334.7861402,0.04356004297733307,0.0,0.0,0.3920404016971588
1691856334.9791698,0.0,0.0,0.0,0.3702603578567505
1691856335.1526442,0.0,0.0,0.0,0.3702603578567505
1691856335.327762,0.0,0.0,0.0,0.4573804438114166
1691856335.5355306,0.0,0.0,0.0,0.3920404016971588
1691856335.7333345,0.0,0.0,0.021780021488666534,0.3920404016971588
1691856335.9176524,0.0,0.0,0.0,0.3920404016971588
1691856336.0879235,0.0,0.0,0.0653400644659996,0.3920404016971588
1691856336.2606242,0.0,0.0,0.0,0.3920404016971588
1691856336.4378543,0.0,0.0,0.0,0.3920404016971588
1691856336.6128,0.0,0.04356004297733307,0.0,0.3920404016971588
1691856336.8109736,0.0,0.0,0.0,0.3920404016971588
1691856336.9839396,0.0,0.0,0.0,0.3920404016971588
1691856337.1617534,0.0,0.0,0.0,0.3049203157424927
1691856337.3451805,0.0653400644659996,0.0,0.0,0.3920404016971588
1691856337.5198097,0.0,0.0,0.0,0.3920404016971588
1691856337.7000644,0.0,0.0,0.0,0.3920404016971588
1691856337.8874884,0.0,0.0,0.08712008595466614,0.3920404016971588
1691856338.09312,0.0,0.0,0.0,0.3920404016971588
1691856338.264615,0.0,0.0,0.0,0.3920404016971588
1691856338.4400578,0.0,0.0,0.0,0.3920404016971588
1691856338.622116,0.0,0.0,0.0,0.3920404016971588
1691856338.8041892,0.0,0.0,0.0,0.3920404016971588
1691856338.9895175,0.0,0.0,0.0,0.3920404016971588
1691856339.1813924,0.0,0.0,0.0,0.3920404016971588
1691856339.369839,0.0,0.0,0.0,0.41382041573524475
1691856339.5911946,0.0,0.0,0.0,0.3920404016971588
1691856339.783796,0.0,0.0,0.021780021488666534,0.3920404016971588
1691856339.9840512,0.0,0.0,0.0,0.3920404016971588
1691856340.176221,0.0,0.0,0.04356004297733307,0.3920404016971588
1691856340.3592153,0.0,0.0,0.0,0.3920404016971588
1691856340.537159,0.0,0.0,0.0,0.41382041573524475
1691856340.7088077,0.0,0.0,0.0,0.41382041573524475
1691856340.9283605,0.0,0.0,0.0,0.41382041573524475
1691856341.118721,0.0,0.0,0.0,0.3920404016971588
1691856341.3284068,0.0,0.0,0.0,0.3920404016971588
1691856341.5037692,0.04356004297733307,0.0,0.0,0.3920404016971588
1691856341.696643,0.0,0.0,0.0,0.3920404016971588
1691856341.8764436,0.0,0.0,0.0,0.41382041573524475
1691856342.0630097,0.0,0.0,0.04356004297733307,0.34848034381866455
1691856342.2815084,0.0,0.0,0.021780021488666534,0.3920404016971588
1691856342.480151,0.0,0.0,0.0653400644659996,0.3920404016971588
1691856342.661521,0.0,0.0,0.0,0.3702603578567505
1691856342.843487,0.0,0.0,0.0,0.41382041573524475
1691856343.0615902,0.0,0.0,0.0,0.3920404016971588
1691856343.251978,0.0,0.0,0.0,0.3920404016971588
1691856343.4313092,0.0,0.0,0.0,0.3920404016971588
1691856343.6152527,0.0,0.0,0.0,0.3920404016971588
1691856343.83163,0.0,0.0,0.0,0.3920404016971588
1691856344.018551,0.0,0.0,0.0,0.3920404016971588
1691856344.2288673,0.0,0.0,0.0,0.3920404016971588
1691856344.4088123,0.0,0.0,0.0,0.3920404016971588
1691856344.5904484,0.0,0.0,0.0,0.3920404016971588
1691856344.7693758,0.0,0.0,0.0,0.34848034381866455
1691856344.950992,0.0,0.0,0.0,0.3920404016971588
1691856345.160317,0.0,0.021780021488666534,0.0,0.3920404016971588
1691856345.3496144,0.0,0.0,0.0,0.3702603578567505
1691856345.5328722,0.0,0.0,0.0,0.3920404016971588
1691856345.711312,0.0,0.021780021488666534,0.0,0.3702603578567505
1691856345.8892868,0.0,0.0,0.0,0.41382041573524475
1691856346.0761814,0.0,0.0,0.0,0.3920404016971588
1691856346.2644901,0.10890010744333267,0.0,0.0,0.47916048765182495
1691856346.4521701,0.0,0.0,0.0,0.3920404016971588
1691856346.6646414,0.0,0.0,0.0,0.3920404016971588
1691856346.8544092,0.0,0.0,0.0,0.3920404016971588
1691856347.0466254,0.0,0.0,0.0,0.3920404016971588
1691856347.2251384,0.0,0.0,0.0,0.3920404016971588
1691856347.405375,0.0,0.0,0.0,0.3920404016971588
1691856347.5791376,0.04356004297733307,0.0,0.0,0.3920404016971588
1691856347.7574453,0.0,0.0,0.0,0.41382041573524475
1691856347.986963,0.0,0.0,0.0,0.3920404016971588
1691856348.1830046,0.0,0.0,0.0,0.3920404016971588
1691856348.3635988,0.0,0.0,0.0,0.3920404016971588
1691856348.5433588,0.0,0.0,0.0,0.3702603578567505
1691856348.7203922,0.0,0.0,0.0,0.3920404016971588
1691856348.899177,0.0,0.0,0.0,0.3920404016971588
1691856349.084171,0.0,0.0,0.0,0.3920404016971588
1691856349.2978795,0.0,0.0,0.0,0.3920404016971588
1691856349.468266,0.0,0.0,0.0,0.41382041573524475
1691856349.6394532,0.0,0.0,0.0,0.3920404016971588
1691856349.8132572,0.0,0.0,0.0,0.3702603578567505
1691856350.0070722,0.0,0.0,0.0,0.3702603578567505
1691856350.2006717,0.0,0.0,0.021780021488666534,0.3702603578567505
1691856350.3873336,0.0,0.0,0.021780021488666534,0.3920404016971588
1691856350.6066365,0.0,0.0,0.0,0.3920404016971588
1691856350.8010056,0.0,0.0,0.0,0.3920404016971588
1691856350.9781988,0.0,0.0,0.0,0.3920404016971588
1691856351.1501548,0.0,0.0,0.0,0.3920404016971588
1691856351.3395479,0.0,0.0,0.0,0.41382041573524475
1691856351.5260804,0.0,0.0,0.0,0.3702603578567505
1691856351.7023783,0.0,0.0,0.04356004297733307,0.3920404016971588
1691856351.8789513,0.0,0.0,0.0,0.3920404016971588
1691856352.0946698,0.0,0.0,0.0,0.3702603578567505
1691856352.2808223,0.0,0.0,0.0,0.4356004297733307
1691856352.4788246,0.0,0.0,0.0,0.3920404016971588
1691856352.662552,0.0,0.0,0.0,0.3920404016971588
1691856352.8667738,0.0,0.0,0.021780021488666534,0.3702603578567505
1691856353.0589862,0.0,0.0,0.0,0.3920404016971588
1691856353.24128,0.0,0.0,0.0,0.3920404016971588
1691856353.45977,0.0,0.0,0.0,0.3920404016971588
1691856353.6439452,0.0,0.0,0.0,0.3920404016971588
1691856353.8328009,0.0,0.0,0.0,0.3920404016971588
1691856354.0309055,0.0,0.0,0.0,0.4573804438114166
1691856354.2055087,0.0,0.0,0.0,0.3920404016971588
1691856354.3761835,0.0,0.0,0.0,0.41382041573524475
1691856354.5640762,0.0,0.0,0.0,0.41382041573524475
1691856354.7780511,0.0,0.0,0.0,0.3920404016971588
1691856354.9650338,0.0,0.0,0.0,0.41382041573524475
1691856355.1455593,0.0,0.0,0.0,0.41382041573524475
1691856355.319279,0.0,0.0,0.0,0.3920404016971588
1691856355.494276,0.0,0.0,0.021780021488666534,0.3920404016971588
1691856355.6724632,0.04356004297733307,0.0,0.0,0.3920404016971588
1691856355.8528745,0.0,0.0,0.0,0.3920404016971588
1691856356.0453053,0.0,0.0,0.0,0.3920404016971588
1691856356.2599695,0.0,0.0,0.0,0.3920404016971588
1691856356.4395487,0.0,0.0,0.0,0.3920404016971588
1691856356.6312046,0.0,0.0,0.0,0.3920404016971588
1691856356.8136744,0.0,0.0,0.0,0.3920404016971588
1691856356.9989378,0.0,0.0,0.0,0.3920404016971588
1691856357.1915765,0.021780021488666534,0.0,0.0,0.3920404016971588
1691856357.3674662,0.04356004297733307,0.0,0.0,0.3702603578567505
1691856357.579042,0.0,0.0,0.0,0.47916048765182495
1691856357.7643821,0.0,0.0,0.0,0.41382041573524475
1691856357.94003,0.0,0.0,0.0,0.3920404016971588
1691856358.1181972,0.0,0.0,0.0,0.3920404016971588
1691856358.298145,0.0,0.0,0.0,0.41382041573524475
1691856358.4659076,0.0,0.0,0.0,0.4356004297733307
1691856358.6397324,0.0,0.0,0.0,0.3920404016971588
1691856358.8206213,0.0,0.0,0.0,0.3920404016971588
1691856359.0203743,0.0,0.0,0.0,0.3920404016971588
1691856359.189758,0.0,0.0,0.0,0.3920404016971588
1691856359.366601,0.0,0.0,0.0,0.41382041573524475
1691856359.544491,0.0,0.0,0.0,0.3920404016971588
1691856359.7130904,0.0,0.021780021488666534,0.0,0.3920404016971588
1691856359.884235,0.0,0.0,0.0,0.3920404016971588
1691856360.0587413,0.0,0.0,0.0,0.41382041573524475
1691856360.2659466,0.0,0.0,0.0,0.3920404016971588
1691856360.4527254,0.0,0.0,0.04356004297733307,0.41382041573524475
1691856360.635428,0.0,0.0,0.0,0.3920404016971588
1691856360.8150012,0.0,0.0,0.04356004297733307,0.3920404016971588
1691856361.0029433,0.0,0.0,0.0,0.3920404016971588
1691856361.1805563,0.0653400644659996,0.0,0.0,0.3920404016971588
1691856361.3565156,0.0,0.0,0.021780021488666534,0.3920404016971588
1691856361.5417914,0.0,0.0,0.0,0.3920404016971588
1691856361.7542818,0.0,0.0,0.0,0.3920404016971588
1691856361.9283092,0.0,0.0,0.0,0.3920404016971588
1691856362.109716,0.0,0.0,0.0,0.3702603578567505
1691856362.2885654,0.0,0.0,0.0,0.3920404016971588
1691856362.4830391,0.0,0.0,0.0,0.4573804438114166
1691856362.6582437,0.0,0.0,0.0,0.3702603578567505
1691856362.836861,0.0,0.0,0.0,0.41382041573524475
1691856363.0401142,0.0,0.0,0.08712008595466614,0.4356004297733307
1691856363.2151828,0.0,0.0,0.0,0.4356004297733307
1691856363.3901355,0.0,0.0,0.0,0.41382041573524475
1691856363.5656483,0.0,0.0,0.08712008595466614,0.3920404016971588
1691856363.7454634,0.0,0.0,0.0,0.3702603578567505
1691856363.927976,0.0,0.0,0.0,0.3920404016971588
1691856364.104,0.0,0.0,0.0,0.3920404016971588
1691856364.2875223,0.0,0.0,0.0,0.3920404016971588
1691856364.4999032,0.0,0.04356004297733307,0.0,0.3920404016971588
1691856364.6797924,0.0,0.0,0.0,0.3702603578567505
1691856364.8548174,0.0,0.0,0.0,0.3920404016971588
1691856365.0402932,0.0,0.0,0.0,0.3920404016971588
1691856365.2199032,0.0,0.0,0.0,0.3920404016971588
1691856365.394956,0.0,0.0,0.0653400644659996,0.3920404016971588
1691856365.5910668,0.0,0.0,0.0,0.3920404016971588
1691856365.780086,0.0,0.0,0.0,0.3920404016971588
1691856366.0009606,0.0,0.0,0.0,0.3920404016971588
1691856366.2078068,0.0,0.0,0.0,0.3920404016971588
1691856366.3883426,0.0,0.0,0.021780021488666534,0.3920404016971588
1691856366.568431,0.0,0.0,0.0,0.3920404016971588
1691856366.740804,0.0,0.0,0.0,0.3920404016971588
1691856366.9094448,0.0,0.0,0.0,0.47916048765182495
1691856367.0852213,0.0,0.0,0.021780021488666534,0.3920404016971588
1691856367.2867274,0.021780021488666534,0.04356004297733307,0.0,0.3920404016971588
1691856367.4514503,0.0,0.0,0.0,0.3920404016971588
1691856367.6248038,0.0,0.0,0.0,0.3920404016971588
1691856367.7982256,0.0,0.0,0.0,0.3702603578567505
1691856367.9690404,0.0,0.0,0.0,0.3920404016971588
1691856368.140485,0.0,0.0,0.0,0.41382041573524475
1691856368.3056517,0.0,0.0,0.0,0.3702603578567505
1691856368.4968061,0.0,0.0,0.0,0.3920404016971588
1691856368.7080412,0.0,0.0,0.0,0.41382041573524475
1691856368.8833609,0.0,0.0,0.0,0.3702603578567505
1691856369.0664918,0.0,0.0,0.0,0.3920404016971588
1691856369.2424405,0.0,0.0,0.0,0.3920404016971588
1691856369.4298353,0.0,0.0653400644659996,0.0,0.3920404016971588
1691856369.6075745,0.0,0.0,0.0,0.3920404016971588
1691856369.7866554,0.0,0.0,0.0,0.3920404016971588
1691856369.9644692,0.0,0.0,0.0,0.3920404016971588
1691856370.1848218,0.0,0.0,0.0,0.3920404016971588
1691856370.358357,0.0,0.0,0.0,0.3920404016971588
1691856370.5330122,0.0,0.0,0.0,0.4356004297733307
1691856370.7081122,0.0,0.0,0.0,0.3920404016971588
1691856370.8856075,0.0,0.0,0.0,0.3920404016971588
1691856371.0606768,0.0,0.0,0.021780021488666534,0.3702603578567505
1691856371.232681,0.0,0.08712008595466614,0.0,0.3920404016971588
1691856371.4463415,0.0,0.0,0.0,0.41382041573524475
1691856371.6318786,0.0,0.0,0.0,0.3920404016971588
1691856371.8188171,0.0,0.0,0.0,0.3920404016971588
1691856371.9914854,0.0,0.0,0.0,0.3920404016971588
1691856372.1605406,0.0,0.0,0.0,0.3920404016971588
1691856372.332688,0.0,0.0,0.0,0.3920404016971588
1691856372.5122893,0.0,0.0,0.0,0.3920404016971588
1691856372.6930757,0.0,0.0,0.0,0.3920404016971588
1691856372.9011235,0.0,0.0,0.0,0.3920404016971588
1691856373.083789,0.0,0.0,0.0,0.3920404016971588
1691856373.2656486,0.0,0.0,0.021780021488666534,0.3920404016971588
1691856373.4418192,0.0,0.0,0.0,0.3920404016971588
1691856373.6164281,0.0,0.0,0.0,0.3920404016971588
1691856373.8018956,0.0,0.0,0.0,0.41382041573524475
1691856373.9741209,0.0,0.0,0.0,0.41382041573524475
1691856374.1439397,0.0,0.0,0.0,0.41382041573524475
1691856374.3527765,0.0,0.0,0.0,0.41382041573524475
1691856374.5247338,0.0,0.0,0.0,0.3920404016971588
1691856374.6943088,0.0,0.0,0.0,0.3049203157424927
1691856374.8726697,0.0,0.0,0.0,0.3920404016971588
1691856375.0498714,0.0,0.0,0.0,0.3920404016971588
1691856375.232474,0.0,0.0,0.0,0.3920404016971588
1691856375.4144278,0.0,0.0,0.04356004297733307,0.3267003297805786
1691856375.6230438,0.0,0.0,0.0,0.3920404016971588
1691856375.792641,0.0,0.0,0.021780021488666534,0.3920404016971588
1691856375.9681034,0.0,0.0,0.0,0.3920404016971588
1691856376.1435454,0.0,0.0,0.0,0.3920404016971588
1691856376.3298647,0.0,0.0,0.0,0.3920404016971588
1691856376.5081615,0.0,0.0,0.0,0.3920404016971588
1691856376.6854415,0.0,0.0,0.0,0.41382041573524475
1691856376.8610024,0.0,0.0,0.0,0.3920404016971588
1691856377.059932,0.0,0.0,0.0,0.3920404016971588
1691856377.2411194,0.0,0.0,0.0,0.41382041573524475
1691856377.4154854,0.0,0.0,0.0,0.3920404016971588
1691856377.5907161,0.0,0.0,0.0,0.3920404016971588
1691856377.7809105,0.0,0.0,0.0,0.41382041573524475
1691856377.9590127,0.0,0.0,0.0,0.3920404016971588
1691856378.1470563,0.0,0.0,0.0,0.3920404016971588
1691856378.3394637,0.0,0.0,0.0,0.3702603578567505
1691856378.559259,0.0,0.0,0.0,0.41382041573524475
1691856378.7443554,0.0,0.0,0.0,0.3702603578567505
1691856378.9174004,0.0,0.0,0.0,0.3920404016971588
1691856379.088475,0.0,0.0,0.0,0.3920404016971588
1691856379.2580953,0.0,0.0,0.0,0.3920404016971588
1691856379.4346747,0.0,0.0,0.0,0.3920404016971588
1691856379.6062722,0.0,0.0,0.0,0.3702603578567505
1691856379.8135312,0.0,0.0,0.0,0.3920404016971588
1691856379.998019,0.0,0.0,0.0,0.3920404016971588
1691856380.1718824,0.0,0.0,0.0,0.3920404016971588
1691856380.3550124,0.0,0.0,0.0,0.3920404016971588
1691856380.5376303,0.0,0.0,0.0,0.3920404016971588
1691856380.7108839,0.0,0.0,0.0,0.3920404016971588
1691856380.8950133,0.0,0.0,0.0,0.34848034381866455
1691856381.088441,0.0,0.0,0.0,0.3920404016971588
1691856381.3205638,0.0,0.0,0.0,0.3920404016971588
1691856381.5034823,0.0,0.0,0.0,0.41382041573524475
1691856381.6739097,0.0,0.0,0.0,0.3920404016971588
1691856381.8548028,0.0,0.0,0.0,0.3920404016971588
1691856382.0429707,0.0,0.0,0.0,0.3920404016971588
1691856382.2220042,0.0,0.0,0.0,0.3702603578567505
1691856382.4085455,0.0,0.04356004297733307,0.0,0.41382041573524475
1691856382.588435,0.0,0.0,0.0,0.41382041573524475
1691856382.8011565,0.0,0.0,0.0,0.3920404016971588
1691856382.9736905,0.0,0.0,0.0,0.41382041573524475
1691856383.1523876,0.0,0.0,0.0,0.3920404016971588
1691856383.330196,0.0,0.0,0.0,0.3702603578567505
1691856383.5047653,0.0,0.0,0.0,0.3920404016971588
1691856383.6739407,0.0,0.0,0.0,0.3920404016971588
1691856383.8452122,0.0,0.0,0.0,0.3920404016971588
1691856384.0463214,0.0,0.0,0.0,0.3920404016971588
1691856384.229174,0.0,0.0,0.0,0.3920404016971588
1691856384.4289265,0.0,0.0,0.0,0.3920404016971588
1691856384.6024776,0.0,0.0,0.0,0.3920404016971588
1691856384.7813113,0.0,0.0,0.0,0.3920404016971588
1691856384.967912,0.0,0.0,0.021780021488666534,0.3920404016971588
1691856385.1422684,0.0,0.0,0.0,0.3920404016971588
1691856385.325414,0.0,0.0,0.0,0.41382041573524475
1691856385.5504189,0.0,0.0,0.0,0.3702603578567505
1691856385.7344675,0.0,0.0,0.0,0.3920404016971588
1691856385.9125574,0.0,0.0,0.0,0.41382041573524475
1691856386.1009018,0.0,0.0,0.0,0.3920404016971588
1691856386.2706773,0.0,0.0,0.0,0.34848034381866455
1691856386.4603543,0.0,0.0,0.0,0.41382041573524475
1691856386.629278,0.0,0.0,0.0,0.3702603578567505
1691856386.8175192,0.0,0.0,0.021780021488666534,0.3920404016971588
1691856387.0457656,0.0,0.0,0.0,0.41382041573524475
1691856387.2252939,0.0,0.0,0.0,0.41382041573524475
1691856387.4044168,0.0,0.0,0.0,0.3920404016971588
1691856387.5824826,0.0,0.0,0.0,0.3920404016971588
1691856387.770798,0.04356004297733307,0.0,0.0,0.3920404016971588
1691856387.9521284,0.0,0.0,0.0,0.3920404016971588
1691856388.1342025,0.0,0.0,0.0,0.3920404016971588
1691856388.3485591,0.0,0.0,0.08712008595466614,0.3702603578567505
1691856388.5528502,0.0,0.0,0.0,0.3920404016971588
1691856388.7331362,0.0,0.0,0.0,0.3920404016971588
1691856388.9238098,0.0,0.0,0.0,0.3920404016971588
1691856389.0989487,0.0,0.0,0.0,0.3920404016971588
1691856389.273301,0.0,0.0,0.0,0.3920404016971588
1691856389.4479046,0.0,0.0,0.0,0.41382041573524475
1691856389.6306498,0.0,0.0,0.0,0.3920404016971588
1691856389.8609955,0.021780021488666534,0.0653400644659996,0.0,0.3920404016971588
1691856390.0450242,0.0,0.0,0.0,0.3920404016971588
1691856390.2345102,0.0,0.0,0.0,0.3702603578567505
1691856390.4274926,0.0,0.0,0.0,0.3920404016971588
1691856390.6145885,0.0,0.0,0.0,0.41382041573524475
1691856390.7957087,0.0,0.0,0.0,0.41382041573524475
1691856390.9897776,0.0,0.0,0.0,0.3920404016971588
1691856391.1767106,0.0,0.0,0.0,0.41382041573524475
1691856391.3833723,0.0,0.0,0.0,0.3702603578567505
1691856391.5551946,0.0,0.0,0.0,0.3920404016971588
1691856391.728582,0.08712008595466614,0.0,0.0,0.41382041573524475
1691856391.9048846,0.0,0.0,0.0,0.4573804438114166
1691856392.0833006,0.0,0.0,0.0,0.3702603578567505
1691856392.2682838,0.0,0.021780021488666534,0.0,0.41382041573524475
1691856392.4459705,0.0,0.0,0.0,0.41382041573524475
1691856392.6521423,0.0,0.0,0.0,0.3920404016971588
1691856392.8291469,0.0,0.0,0.0,0.3920404016971588
1691856393.0127995,0.0,0.0,0.0,0.3920404016971588
1691856393.2050967,0.0,0.0,0.0,0.3920404016971588
1691856393.4036262,0.0,0.0,0.0,0.3920404016971588
1691856393.5917795,0.0,0.0,0.0,0.3920404016971588
1691856393.763511,0.0,0.0,0.0,0.41382041573524475
1691856393.9488454,0.0,0.0,0.0,0.3920404016971588
1691856394.1607585,0.0,0.0,0.0,0.3920404016971588
1691856394.3465664,0.0,0.0,0.0,0.3920404016971588
1691856394.5405347,0.0,0.0,0.0,0.3920404016971588
1691856394.7302394,0.0,0.0,0.0,0.3920404016971588
1691856394.9119291,0.0,0.0,0.0,0.3920404016971588
1691856395.0898457,0.0,0.0,0.0,0.3920404016971588
1691856395.2663422,0.0,0.0,0.0,0.3920404016971588
1691856395.4532144,0.0,0.0,0.0,0.3920404016971588
1691856395.6746826,0.0,0.0,0.0,0.3920404016971588
1691856395.8445225,0.0,0.0,0.0,0.3920404016971588
1691856396.0231366,0.0,0.0,0.0,0.41382041573524475
1691856396.2061198,0.0,0.0,0.0,0.3920404016971588
1691856396.3967326,0.021780021488666534,0.0,0.0,0.3920404016971588
1691856396.5996447,0.0,0.0,0.0,0.41382041573524475
1691856396.7945013,0.0,0.0,0.0,0.3920404016971588
1691856397.0292597,0.0,0.0,0.04356004297733307,0.41382041573524475
1691856397.2103415,0.0653400644659996,0.0,0.0,0.41382041573524475
1691856397.398239,0.0,0.0,0.021780021488666534,0.47916048765182495
1691856397.5866115,0.0,0.0,0.0,0.3702603578567505
1691856397.769336,0.0,0.0,0.0,0.3920404016971588
1691856397.9434626,0.0,0.0,0.0,0.3920404016971588
1691856398.116423,0.0,0.0,0.0,0.3920404016971588
1691856398.2932336,0.0,0.0,0.0,0.41382041573524475
1691856398.5023654,0.0,0.0,0.0,0.3920404016971588
1691856398.6759682,0.0,0.0,0.021780021488666534,0.3920404016971588
1691856398.8535817,0.0,0.0,0.0,0.3920404016971588
1691856399.0271935,0.021780021488666534,0.0,0.0,0.3920404016971588
1691856399.2191489,0.0,0.0,0.0,0.3920404016971588
1691856399.3973515,0.0,0.0,0.0,0.3920404016971588
1691856399.5735607,0.0,0.0,0.0,0.3920404016971588
1691856399.7567472,0.0,0.0,0.0,0.34848034381866455
1691856399.9780638,0.0,0.0,0.0,0.3920404016971588
1691856400.1524355,0.0,0.0,0.021780021488666534,0.3920404016971588
1691856400.3200867,0.0,0.0,0.0,0.41382041573524475
1691856400.4994807,0.021780021488666534,0.0,0.0,0.3920404016971588
1691856400.6873877,0.0,0.0,0.0,0.3920404016971588
1691856400.8797266,0.0,0.0,0.0,0.3920404016971588
1691856401.077832,0.0,0.0,0.0,0.3920404016971588
1691856401.3178363,0.0,0.0,0.0,0.41382041573524475
1691856401.5060246,0.0,0.0,0.0,0.3920404016971588
1691856401.6923912,0.0,0.0,0.0,0.3920404016971588
1691856401.8669064,0.0,0.0,0.0,0.3920404016971588
1691856402.050115,0.0,0.0,0.0,0.3920404016971588
1691856402.2455235,0.0,0.0,0.0,0.3920404016971588
1691856402.4265609,0.0,0.0,0.021780021488666534,0.3920404016971588
1691856402.6014082,0.0,0.0,0.0,0.3920404016971588
1691856402.8188813,0.0,0.0,0.0,0.3920404016971588
1691856403.0250742,0.0,0.0,0.021780021488666534,0.3920404016971588
1691856403.2138846,0.0,0.0,0.0,0.3920404016971588
1691856403.3925757,0.0,0.0,0.0,0.3920404016971588
1691856403.579279,0.0,0.0,0.0,0.3920404016971588
1691856403.764527,0.0,0.0,0.0,0.3920404016971588
1691856403.940904,0.0,0.0,0.0,0.3920404016971588
1691856404.1225355,0.0,0.0,0.0,0.3920404016971588
1691856404.3439722,0.0,0.0,0.0,0.3920404016971588
1691856404.5237002,0.0,0.0,0.0,0.3920404016971588
1691856404.709037,0.0,0.0,0.0,0.41382041573524475
1691856404.8980658,0.0,0.0,0.0,0.3920404016971588
1691856405.0753403,0.0,0.0,0.0,0.3920404016971588
1691856405.2659702,0.0,0.0,0.0,0.3920404016971588
1691856405.4605103,0.0,0.0,0.0,0.3920404016971588
1691856405.6676462,0.0,0.0,0.0,0.3920404016971588
1691856405.8434608,0.0,0.0,0.0,0.3920404016971588
1691856406.0175135,0.0,0.0,0.0,0.41382041573524475
1691856406.2117333,0.0,0.0,0.0,0.3920404016971588
1691856406.3823168,0.0,0.0,0.0,0.3920404016971588
1691856406.5690906,0.0,0.0,0.0,0.3920404016971588
1691856406.7533088,0.0,0.0,0.0,0.3920404016971588
1691856406.9566042,0.0,0.0,0.0,0.3920404016971588
1691856407.1886575,0.0,0.0,0.0,0.3920404016971588
1691856407.3859923,0.0,0.0,0.0,0.3920404016971588
1691856407.5726795,0.0,0.0,0.0,0.4573804438114166
1691856407.7627828,0.0,0.0,0.021780021488666534,0.41382041573524475
1691856407.9383264,0.0,0.0,0.0,0.41382041573524475
1691856408.118549,0.0,0.021780021488666534,0.0,0.3920404016971588
1691856408.2976248,0.0,0.0,0.0,0.3920404016971588
1691856408.481009,0.0,0.0,0.0,0.3920404016971588
1691856408.7006993,0.0,0.0,0.0,0.3920404016971588
1691856408.9067643,0.0,0.0,0.0,0.3920404016971588
1691856409.0910935,0.0,0.0,0.0,0.3920404016971588
1691856409.2818663,0.0,0.0,0.0,0.3702603578567505
1691856409.4749367,0.0,0.0,0.0,0.3920404016971588
1691856409.6738572,0.0,0.0,0.021780021488666534,0.41382041573524475
1691856409.8552506,0.0,0.0,0.0,0.3920404016971588
1691856410.084359,0.0,0.0,0.0,0.3920404016971588
1691856410.275108,0.0,0.0,0.0653400644659996,0.3920404016971588
1691856410.4639313,0.0,0.0,0.0,0.3920404016971588
1691856410.633957,0.0,0.0,0.0,0.3920404016971588
1691856410.8064494,0.0,0.0,0.0,0.41382041573524475
1691856410.9789405,0.0,0.0,0.0,0.3920404016971588
1691856411.148529,0.0,0.0,0.0,0.4356004297733307
1691856411.3246546,0.0,0.0,0.0,0.3702603578567505
1691856411.5379379,0.0,0.0,0.0,0.3920404016971588
1691856411.7089705,0.0,0.0,0.0,0.3920404016971588
1691856411.8875418,0.0,0.0,0.0,0.3920404016971588
1691856412.0613403,0.0,0.0,0.0,0.3920404016971588
1691856412.2315304,0.04356004297733307,0.0,0.0,0.3920404016971588
1691856412.4141128,0.0,0.0,0.0,0.3920404016971588
1691856412.6113043,0.0,0.0,0.0,0.3920404016971588
1691856412.8033152,0.0,0.08712008595466614,0.0,0.3920404016971588
1691856413.0327792,0.0,0.0,0.0,0.3920404016971588
1691856413.216814,0.0,0.0,0.0,0.3920404016971588
1691856413.399329,0.0,0.0,0.0,0.3702603578567505
1691856413.5810714,0.0,0.0,0.021780021488666534,0.3920404016971588
1691856413.7639663,0.0,0.0,0.0,0.41382041573524475
1691856413.948434,0.0,0.0,0.0,0.3920404016971588
1691856414.1294422,0.0,0.0,0.0,0.41382041573524475
1691856414.346583,0.0653400644659996,0.0,0.0,0.41382041573524475
1691856414.5325952,0.0,0.0,0.0,0.3920404016971588
1691856414.713095,0.0,0.0,0.0,0.3920404016971588
1691856414.8933475,0.04356004297733307,0.0,0.0,0.47916048765182495
1691856415.0949614,0.0,0.0,0.0,0.3920404016971588
1691856415.2770433,0.021780021488666534,0.0,0.0,0.3920404016971588
1691856415.4716866,0.0,0.0,0.0,0.41382041573524475
1691856415.671692,0.0,0.0,0.0,0.3920404016971588
1691856415.8955574,0.0,0.0,0.04356004297733307,0.3920404016971588
1691856416.0885205,0.0,0.0,0.0,0.3920404016971588
1691856416.276123,0.0,0.021780021488666534,0.0,0.3920404016971588
1691856416.4620605,0.0,0.0,0.0,0.3049203157424927
1691856416.643147,0.0,0.0,0.0,0.3920404016971588
1691856416.8483927,0.0,0.0,0.0,0.3920404016971588
1691856417.040208,0.0,0.0,0.0,0.3702603578567505
1691856417.2679787,0.0,0.0,0.0,0.3920404016971588
1691856417.466047,0.0,0.0,0.0,0.3920404016971588
1691856417.6869402,0.0,0.0,0.0,0.3702603578567505
1691856417.8873181,0.0,0.0,0.0,0.3920404016971588
1691856418.0782561,0.0,0.0,0.0,0.3920404016971588
1691856418.287867,0.0,0.0,0.0,0.4356004297733307
1691856418.4761674,0.0,0.0,0.021780021488666534,0.41382041573524475
1691856418.6634574,0.0,0.0,0.0,0.3920404016971588
1691856418.8873758,0.0,0.0,0.0,0.3920404016971588
1691856419.0845964,0.0,0.0,0.0,0.3920404016971588
1691856419.2786412,0.0,0.0,0.0,0.3920404016971588
1691856419.4897819,0.0,0.0,0.0,0.3920404016971588
1691856419.6851819,0.0,0.0,0.0,0.3702603578567505
1691856419.8845263,0.0,0.0,0.0,0.41382041573524475
1691856420.082838,0.0,0.0,0.0,0.41382041573524475
1691856420.2639089,0.0,0.0,0.04356004297733307,0.4356004297733307
1691856420.4977329,0.0,0.0,0.0,0.41382041573524475
1691856420.6881442,0.0,0.0,0.0,0.41382041573524475
1691856420.8677225,0.0,0.0,0.0,0.3702603578567505
1691856421.0577192,0.0,0.0,0.021780021488666534,0.3920404016971588
1691856421.241984,0.0,0.0,0.0,0.3920404016971588
1691856421.4383557,0.0,0.0,0.0,0.3920404016971588
1691856421.6201031,0.0,0.0,0.0,0.3920404016971588
1691856421.8485334,0.0,0.0,0.0,0.3920404016971588
1691856422.0225735,0.0,0.0,0.0,0.3920404016971588
1691856422.199085,0.0,0.0,0.0,0.3920404016971588
1691856422.3861802,0.0,0.0,0.0,0.41382041573524475
1691856422.589849,0.0,0.0,0.0,0.3920404016971588
1691856422.7778318,0.0,0.0,0.0,0.3702603578567505
1691856422.9608467,0.0,0.0,0.0,0.3702603578567505
1691856423.1385083,0.0,0.0,0.0,0.3920404016971588
1691856423.379671,0.0,0.0,0.0,0.3920404016971588
1691856423.557903,0.0,0.0,0.0,0.3920404016971588
1691856423.7633626,0.0,0.0,0.0,0.3920404016971588
1691856423.9499671,0.0,0.0,0.0,0.3920404016971588
1691856424.1370265,0.0,0.0,0.0,0.3920404016971588
1691856424.3127918,0.0,0.0,0.0,0.3920404016971588
1691856424.5027819,0.0,0.0,0.021780021488666534,0.3920404016971588
1691856424.730623,0.0,0.0,0.0,0.3920404016971588
1691856424.9354298,0.0,0.0,0.0,0.41382041573524475
1691856425.1257582,0.0,0.0,0.0,0.3920404016971588
1691856425.3230917,0.021780021488666534,0.0,0.021780021488666534,0.3920404016971588
1691856425.5128167,0.0,0.0,0.0,0.3920404016971588
1691856425.7210104,0.04356004297733307,0.0,0.0,0.3920404016971588
1691856425.9268725,0.0,0.0,0.0,0.3920404016971588
1691856426.1114366,0.0,0.0,0.0,0.3920404016971588
1691856426.3362057,0.0,0.0,0.0,0.3920404016971588
1691856426.5361798,0.0,0.0,0.0,0.41382041573524475
1691856426.7382534,0.0,0.0,0.0,0.3920404016971588
1691856426.9320533,0.0,0.0,0.0,0.41382041573524475
1691856427.1190624,0.0,0.0,0.0,0.3702603578567505
1691856427.308564,0.0,0.0,0.0,0.41382041573524475
1691856427.5108855,0.0653400644659996,0.0,0.0,0.41382041573524475
1691856427.7571044,0.0,0.0,0.0,0.41382041573524475
1691856427.951881,0.0,0.0,0.0,0.41382041573524475
1691856428.1288562,0.0,0.0,0.021780021488666534,0.3920404016971588
1691856428.33152,0.0,0.0,0.0,0.3920404016971588
1691856428.537297,0.0,0.0,0.0,0.3920404016971588
1691856428.7561224,0.0,0.0,0.0,0.3702603578567505
1691856428.9801745,0.0,0.0,0.0,0.3920404016971588
1691856429.1908405,0.0,0.0,0.0,0.3702603578567505
1691856429.4299116,0.08712008595466614,0.0,0.08712008595466614,0.3920404016971588
1691856429.639269,0.0,0.0,0.0,0.4573804438114166
1691856429.8229177,0.0,0.0,0.0,0.3920404016971588
1691856430.00738,0.0,0.0,0.10890010744333267,0.3920404016971588
1691856430.1844726,0.0,0.0,0.0,0.3049203157424927
1691856430.363894,0.0,0.0,0.0,0.3920404016971588
1691856430.5519154,0.0,0.0,0.0,0.3920404016971588
1691856430.7742639,0.0,0.0,0.0,0.41382041573524475
1691856430.9574535,0.0,0.0,0.0,0.3920404016971588
1691856431.1411624,0.0,0.0,0.0,0.3920404016971588
1691856431.321687,0.0,0.0,0.0,0.3920404016971588
1691856431.4974377,0.0,0.0,0.021780021488666534,0.3920404016971588
1691856431.6884475,0.0,0.0,0.0,0.3920404016971588
1691856431.871933,0.021780021488666534,0.0,0.0,0.3920404016971588
1691856432.0657005,0.0,0.0,0.021780021488666534,0.41382041573524475
1691856432.3066566,0.0,0.0,0.0,0.3920404016971588
1691856432.5055993,0.0,0.0,0.0,0.41382041573524475
1691856432.7051604,0.0,0.0,0.0,0.3920404016971588
1691856432.8790126,0.0,0.0,0.0,0.41382041573524475
1691856433.0631588,0.0,0.0,0.0,0.3920404016971588
1691856433.2542653,0.0,0.0,0.021780021488666534,0.3920404016971588
1691856433.4428732,0.0,0.0,0.0,0.3920404016971588
1691856433.6734338,0.0,0.0,0.04356004297733307,0.3920404016971588
1691856433.876614,0.0,0.0,0.021780021488666534,0.3920404016971588
1691856434.0840786,0.0,0.0,0.0,0.41382041573524475
1691856434.278252,0.0,0.0,0.0,0.3920404016971588
1691856434.4703553,0.0,0.0,0.0,0.3702603578567505
1691856434.6489873,0.0,0.0,0.0,0.3920404016971588
1691856434.8332126,0.0,0.0,0.0,0.41382041573524475
1691856435.0128958,0.0,0.0,0.0,0.3920404016971588
1691856435.2300198,0.0,0.0,0.0,0.3049203157424927
1691856435.4370189,0.0,0.0,0.0,0.41382041573524475
1691856435.64625,0.0,0.0,0.0,0.3920404016971588
1691856435.8541849,0.0,0.0,0.0,0.3920404016971588
1691856436.0577457,0.0,0.0,0.0,0.3920404016971588
1691856436.2452166,0.0,0.0,0.0,0.3702603578567505
1691856436.4249938,0.0,0.0,0.0,0.3702603578567505
1691856436.6436663,0.0,0.0,0.0,0.41382041573524475
1691856436.8338253,0.0,0.0,0.0,0.3920404016971588
1691856437.0401337,0.0,0.0,0.021780021488666534,0.4573804438114166
1691856437.2317843,0.0,0.0,0.0,0.3920404016971588
1691856437.4285321,0.0,0.0,0.0,0.3920404016971588
1691856437.6162214,0.0,0.0,0.0,0.3702603578567505
1691856437.8165267,0.0,0.0,0.021780021488666534,0.3920404016971588
1691856438.0000255,0.0,0.0,0.0,0.3702603578567505
1691856438.2212648,0.0,0.0,0.0,0.3920404016971588
1691856438.398048,0.0,0.0,0.0,0.3920404016971588
1691856438.5870059,0.0,0.0,0.04356004297733307,0.41382041573524475
1691856438.7981405,0.0,0.0,0.0,0.3702603578567505
1691856438.9937732,0.0,0.0,0.0,0.3920404016971588
1691856439.1927342,0.0,0.0,0.0,0.3702603578567505
1691856439.3829277,0.0,0.0,0.021780021488666534,0.41382041573524475
1691856439.612258,0.0,0.0,0.0,0.3920404016971588
1691856439.8077743,0.0,0.0,0.0,0.3920404016971588
1691856439.9941592,0.0,0.0,0.021780021488666534,0.3920404016971588
1691856440.1781642,0.0,0.0,0.0,0.3920404016971588
1691856440.3741953,0.0,0.0,0.0,0.3920404016971588
1691856440.568332,0.0,0.0,0.08712008595466614,0.4356004297733307
1691856440.7556772,0.0,0.0,0.0,0.3920404016971588
1691856440.954493,0.0,0.0,0.021780021488666534,0.3920404016971588
1691856441.1830134,0.021780021488666534,0.0,0.0,0.3920404016971588
1691856441.400597,0.0,0.0,0.0,0.3920404016971588
1691856441.6026165,0.0,0.0,0.0,0.41382041573524475
1691856441.7937007,0.0,0.0,0.0,0.3920404016971588
1691856441.9846666,0.0,0.0,0.0,0.3920404016971588
1691856442.1712608,0.0,0.04356004297733307,0.0,0.3920404016971588
1691856442.359495,0.0,0.0,0.0,0.3920404016971588
1691856442.588829,0.0,0.0,0.021780021488666534,0.3920404016971588
1691856442.791193,0.0,0.0,0.0,0.41382041573524475
1691856442.9893782,0.0,0.0,0.0,0.3920404016971588
1691856443.1938832,0.0,0.0,0.021780021488666534,0.3920404016971588
1691856443.3749597,0.0,0.0,0.0,0.3920404016971588
1691856443.5787992,0.0,0.0,0.021780021488666534,0.41382041573524475
1691856443.7693868,0.0,0.0,0.0,0.3920404016971588
1691856443.9650261,0.0,0.0,0.0,0.3049203157424927
1691856444.186853,0.0,0.0,0.0,0.41382041573524475
1691856444.3692029,0.0,0.0,0.0,0.3920404016971588
1691856444.572717,0.0,0.0,0.021780021488666534,0.3920404016971588
1691856444.7581065,0.0,0.0,0.0,0.41382041573524475
1691856444.9535773,0.0,0.0,0.0,0.3920404016971588
1691856445.1497927,0.0,0.0,0.0,0.3702603578567505
1691856445.3660371,0.0,0.0,0.0,0.3920404016971588
1691856445.6166873,0.0,0.0,0.0,0.41382041573524475
1691856445.820373,0.0,0.0,0.021780021488666534,0.3920404016971588
1691856446.0209138,0.0,0.0,0.0,0.41382041573524475
1691856446.2087953,0.0,0.0,0.0,0.3920404016971588
1691856446.3919106,0.0,0.0,0.0,0.3049203157424927
1691856446.5993261,0.0,0.0,0.0,0.3920404016971588
1691856446.7773843,0.0,0.0,0.021780021488666534,0.3920404016971588
1691856446.9591908,0.0,0.0,0.021780021488666534,0.3920404016971588
1691856447.1921828,0.0,0.0,0.0,0.41382041573524475
1691856447.3793676,0.0,0.0,0.0,0.3920404016971588
1691856447.574454,0.0,0.0,0.0,0.3920404016971588
1691856447.7742984,0.0,0.0,0.0,0.3920404016971588
1691856447.9786775,0.0,0.0,0.021780021488666534,0.3920404016971588
1691856448.1751294,0.0,0.0,0.0,0.3702603578567505
1691856448.3924031,0.0,0.0,0.021780021488666534,0.3920404016971588
1691856448.6353323,0.04356004297733307,0.0,0.0,0.3920404016971588
1691856448.8382409,0.021780021488666534,0.0,0.0,0.3702603578567505
1691856449.0456467,0.0,0.0,0.0,0.3920404016971588
1691856449.232287,0.0,0.08712008595466614,0.0,0.3920404016971588
1691856449.436202,0.0,0.0,0.0,0.4356004297733307
1691856449.6167412,0.0,0.0,0.0,0.41382041573524475
1691856449.7935312,0.0,0.0,0.0,0.3920404016971588
1691856449.9704792,0.0,0.08712008595466614,0.0,0.3920404016971588
1691856450.1893363,0.0,0.0,0.0,0.3702603578567505
1691856450.368735,0.0,0.0,0.0,0.41382041573524475
1691856450.5599122,0.0,0.0,0.0,0.3920404016971588
1691856450.7440565,0.0,0.04356004297733307,0.0,0.3920404016971588
1691856450.9443684,0.0,0.0,0.0,0.3920404016971588
1691856451.133623,0.0,0.0,0.0,0.41382041573524475
1691856451.306289,0.0,0.0,0.0,0.3920404016971588
1691856451.5174444,0.0,0.0,0.0,0.34848034381866455
1691856451.713565,0.0,0.0,0.021780021488666534,0.3702603578567505
1691856451.9137492,0.0,0.0,0.0,0.3702603578567505
1691856452.1048334,0.0,0.0,0.0,0.3920404016971588
1691856452.2947886,0.0,0.0,0.0,0.3920404016971588
1691856452.4691136,0.0,0.0,0.0,0.3920404016971588
1691856452.6613758,0.0,0.0,0.0,0.3920404016971588
1691856452.8589914,0.0,0.08712008595466614,0.0,0.3920404016971588
1691856453.0734758,0.0,0.0,0.0,0.3920404016971588
1691856453.2550251,0.0,0.0,0.0,0.3920404016971588
1691856453.4319582,0.0,0.04356004297733307,0.0,0.3702603578567505
1691856453.6161773,0.0653400644659996,0.0,0.0,0.3920404016971588
1691856453.7986104,0.0,0.0,0.0,0.3920404016971588
1691856453.9779801,0.0,0.0,0.0,0.3920404016971588
1691856454.1602154,0.0,0.0,0.0,0.3702603578567505
1691856454.3808424,0.0,0.0,0.0,0.41382041573524475
1691856454.5766964,0.0,0.0,0.0,0.3920404016971588
1691856454.7689981,0.021780021488666534,0.0,0.0,0.3920404016971588
1691856454.9597714,0.0,0.0,0.0,0.3702603578567505
1691856455.137607,0.0,0.0,0.0,0.3920404016971588
1691856455.3143868,0.0,0.0,0.0,0.4356004297733307
1691856455.510487,0.0,0.0,0.0,0.3920404016971588
1691856455.6954641,0.0,0.0,0.0,0.3920404016971588
1691856455.9163976,0.0,0.0,0.0,0.3920404016971588
1691856456.1053166,0.0,0.0,0.04356004297733307,0.3920404016971588
1691856456.2857647,0.0,0.0,0.021780021488666534,0.3920404016971588
1691856456.4931123,0.0,0.0,0.021780021488666534,0.3920404016971588
1691856456.6860874,0.0,0.0,0.0,0.3702603578567505
1691856456.8828478,0.0,0.0,0.0,0.3920404016971588
1691856457.0817795,0.04356004297733307,0.0,0.0,0.41382041573524475
1691856457.2883267,0.0,0.0,0.0,0.3920404016971588
1691856457.4943922,0.0,0.0,0.0,0.3920404016971588
1691856457.677622,0.0,0.0,0.0,0.3920404016971588
1691856457.8709745,0.0,0.0,0.0,0.3920404016971588
1691856458.0702918,0.0,0.021780021488666534,0.0,0.3920404016971588
1691856458.2617636,0.0,0.0,0.0,0.3702603578567505
1691856458.45367,0.0,0.08712008595466614,0.0,0.3920404016971588
1691856458.6738899,0.0,0.0,0.0,0.3920404016971588
1691856458.863308,0.0,0.0,0.0,0.4356004297733307
1691856459.0600328,0.0,0.0,0.04356004297733307,0.3702603578567505
1691856459.250181,0.0,0.0,0.0,0.3920404016971588
1691856459.4273343,0.0,0.0,0.0,0.3920404016971588
1691856459.6077914,0.0,0.0,0.0,0.3920404016971588
1691856459.7888744,0.0,0.0,0.0,0.3920404016971588
1691856459.9760962,0.0,0.0,0.0,0.41382041573524475
1691856460.1993258,0.0,0.0,0.0,0.3920404016971588
1691856460.3897662,0.0,0.0,0.0,0.3920404016971588
1691856460.5854244,0.0,0.0,0.0,0.3702603578567505
1691856460.7727368,0.0,0.0,0.0,0.3920404016971588
1691856460.9626544,0.0,0.0,0.0,0.3920404016971588
1691856461.1513631,0.0,0.0,0.0,0.3920404016971588
1691856461.3335507,0.0,0.0,0.0,0.3920404016971588
1691856461.5479953,0.0,0.0,0.0,0.3920404016971588
1691856461.7351794,0.0,0.0,0.04356004297733307,0.3920404016971588
1691856461.9145608,0.0,0.0,0.0,0.3920404016971588
1691856462.1030889,0.0,0.0,0.0,0.3920404016971588
1691856462.2924693,0.0,0.0,0.0,0.3920404016971588
1691856462.4852557,0.0,0.0,0.0,0.3920404016971588
1691856462.6739702,0.0,0.0,0.0,0.3920404016971588
1691856462.905664,0.0,0.0,0.0,0.3920404016971588
1691856463.1006403,0.0,0.0,0.0,0.3920404016971588
1691856463.2979383,0.0,0.0,0.0,0.3920404016971588
1691856463.4785354,0.0,0.0,0.0,0.3920404016971588
1691856463.659995,0.0,0.0,0.0,0.34848034381866455
1691856463.8404393,0.0,0.0,0.0,0.3920404016971588
1691856464.0238883,0.0,0.0,0.0,0.3920404016971588
1691856464.25344,0.0,0.0,0.0,0.3920404016971588
1691856464.4536936,0.0,0.021780021488666534,0.0,0.3920404016971588
1691856464.6576326,0.0,0.0,0.0,0.3920404016971588
1691856464.844105,0.0,0.0,0.0,0.41382041573524475
1691856465.0322382,0.0,0.0,0.0,0.3920404016971588
1691856465.2251928,0.0,0.0,0.0,0.41382041573524475
1691856465.413474,0.0,0.0,0.0,0.3920404016971588
1691856465.6300697,0.0,0.0,0.021780021488666534,0.3920404016971588
1691856465.8414488,0.0,0.0,0.0,0.3920404016971588
1691856466.0498252,0.0,0.0,0.0,0.3920404016971588
1691856466.2330225,0.0,0.0,0.0,0.3920404016971588
1691856466.428282,0.0,0.0,0.0,0.41382041573524475
1691856466.624841,0.0,0.0,0.0,0.3920404016971588
1691856466.821676,0.0,0.0,0.0,0.3920404016971588
1691856467.009063,0.0,0.0,0.04356004297733307,0.3267003297805786
1691856467.2365606,0.021780021488666534,0.0,0.0,0.3920404016971588
1691856467.4255965,0.0,0.0,0.0,0.41382041573524475
1691856467.6258512,0.0,0.0,0.0,0.41382041573524475
1691856467.8213186,0.0,0.0,0.0,0.3920404016971588
1691856468.0213,0.0,0.0,0.0,0.3920404016971588
1691856468.2260082,0.0,0.0,0.021780021488666534,0.3920404016971588
1691856468.4251847,0.0,0.0,0.0,0.3920404016971588
1691856468.6454387,0.0,0.0,0.021780021488666534,0.3920404016971588
1691856468.8236938,0.0,0.0,0.0,0.4356004297733307
1691856469.001829,0.0,0.0,0.021780021488666534,0.3920404016971588
1691856469.2006426,0.0,0.0,0.0,0.41382041573524475
1691856469.3977416,0.0,0.0,0.0,0.3920404016971588
1691856469.5946665,0.0,0.04356004297733307,0.0,0.3920404016971588
1691856469.789683,0.0,0.0,0.08712008595466614,0.3920404016971588
1691856470.0332901,0.0,0.0,0.0,0.3920404016971588
1691856470.2329543,0.0,0.0,0.0,0.3702603578567505
1691856470.430875,0.0,0.0,0.0,0.3920404016971588
1691856470.637264,0.0,0.0,0.0,0.3920404016971588
1691856470.8292382,0.0,0.0,0.0,0.3920404016971588
1691856471.0274734,0.0,0.0,0.0,0.3920404016971588
1691856471.2369812,0.0,0.0,0.0,0.3920404016971588
1691856471.437154,0.0,0.0,0.0,0.3920404016971588
1691856471.6666417,0.0,0.0,0.0,0.3920404016971588
1691856471.8449674,0.0,0.0,0.0,0.3702603578567505
1691856472.0392828,0.0,0.0,0.0,0.3920404016971588
1691856472.2264032,0.0,0.0,0.0,0.4573804438114166
1691856472.4037576,0.0,0.0,0.0,0.3049203157424927
1691856472.5895445,0.0,0.0,0.021780021488666534,0.3702603578567505
1691856472.7665637,0.0,0.0,0.0,0.3920404016971588
1691856472.9867954,0.0,0.0,0.0,0.3920404016971588
1691856473.1762772,0.0,0.04356004297733307,0.0,0.3920404016971588
1691856473.387969,0.0,0.0,0.021780021488666534,0.3920404016971588
1691856473.5920627,0.0,0.0,0.0,0.3920404016971588
1691856473.7925577,0.0,0.0,0.0,0.3920404016971588
1691856473.989671,0.0,0.0,0.0,0.3920404016971588
1691856474.184655,0.08712008595466614,0.0,0.021780021488666534,0.3920404016971588
1691856474.377633,0.0,0.0,0.021780021488666534,0.3702603578567505
1691856474.614374,0.0,0.0,0.0,0.3920404016971588
1691856474.8132892,0.0,0.0,0.0,0.3920404016971588
1691856475.0059428,0.0,0.0,0.0,0.3920404016971588
1691856475.2092395,0.0,0.0,0.0,0.3920404016971588
1691856475.402582,0.0,0.0,0.0,0.41382041573524475
1691856475.6558988,0.0,0.0,0.0,0.3702603578567505
1691856475.923404,0.0,0.0,0.0,0.3920404016971588
1691856476.2452776,0.0,0.021780021488666534,0.0,0.3920404016971588
1691856476.4587827,0.0,0.0,0.0,0.41382041573524475
1691856476.678186,0.0,0.0,0.0,0.3702603578567505
1691856476.8988984,0.0,0.0,0.0,0.3920404016971588
1691856477.1014683,0.0,0.0,0.0,0.3920404016971588
1691856477.2969265,0.0,0.0,0.0,0.3920404016971588
